#ham2d:	nsteps =1000
#ham2d:	dt =1.0000000000000000e-02
#ham2d:	g->nmaxchain =52
#ham3d: Finished reading files
#ham2d:	g->nnodes =798824
#ham2d:	g->ncells =783360
#ham2d:	g->nfaces =2365440
#ham2d:	g->ncolors =7
#ham2d:	g->nchains =80844
#ham2d:	g->nchainFaces =2430924
#ham2d:	g->nstrand =52
#ham2d:	volmin =2.6781299802098132e-06
#ham2d:	volmax =2.1486792796364063e-01
#ham2d:	g->vol[0] =5.7530781225153442e-06
#ham2d:	s->mach =2.0000000000000001e-01
#ham2d:	s->alpha =0.0000000000000000e+00
#ham2d:	s->beta =0.0000000000000000e+00
#ham2d:	s->uinf =2.0000000000000001e-01
#ham2d:	s->vinf =0.0000000000000000e+00
#ham2d:	s->winf =0.0000000000000000e+00
#ham2d:	CFL =4.0000000000000000e+01
#ham3d : using line-Gauss-Seidel scheme for inversion
#ham2d:	s->r[0] =-2.3898751760111146e-05
0 1.499895e-05 3.318265e-04 -0.0200 0.0200 23.7143
#ham2d:	s->r[0] =-6.0950555965926289e-06
1 4.035315e-06 6.753395e-05 -0.0200 0.0200 48.7506
#ham2d:	s->r[0] =-5.3721715036840287e-06
2 3.026434e-06 2.974967e-05 -0.0200 0.0200 72.9800
#ham2d:	s->r[0] =-4.5686864967715125e-06
3 3.307625e-06 4.128864e-05 -0.0200 0.0200 97.2434
#ham2d:	s->r[0] =-3.4852271455784674e-06
4 3.425080e-06 3.205069e-05 -0.0200 0.0200 121.4829
#ham2d:	s->r[0] =-2.1187483923344077e-06
5 3.667866e-06 2.459628e-05 -0.0200 0.0200 146.5162
#ham2d:	s->r[0] =-9.0289929385052711e-07
6 4.009221e-06 2.257187e-05 -0.0200 0.0200 170.7539
#ham2d:	s->r[0] =5.0272889022045456e-07
7 4.455133e-06 2.355206e-05 -0.0200 0.0200 195.0393
#ham2d:	s->r[0] =1.9983480490136450e-06
8 4.997033e-06 2.844376e-05 -0.0200 0.0200 219.2894
#ham2d:	s->r[0] =3.4303593232794228e-06
9 5.593393e-06 3.467218e-05 -0.0200 0.0200 244.2790
#ham2d:	s->r[0] =4.4336597753525799e-06
10 6.180904e-06 4.110072e-05 -0.0200 0.0200 268.5237
#ham2d:	s->r[0] =4.8513495732561027e-06
11 6.696369e-06 4.693143e-05 -0.0200 0.0200 292.8090
#ham2d:	s->r[0] =4.6083398808171761e-06
12 7.093544e-06 5.203535e-05 -0.0200 0.0200 317.0346
#ham2d:	s->r[0] =4.0075052485111511e-06
13 7.353609e-06 5.283054e-05 -0.0200 0.0200 341.9950
#ham2d:	s->r[0] =3.3532170724169126e-06
14 7.502943e-06 4.788965e-05 -0.0200 0.0200 366.2299
#ham2d:	s->r[0] =2.6416133618594893e-06
15 7.603047e-06 5.105344e-05 -0.0200 0.0200 390.5227
#ham2d:	s->r[0] =1.5981205208505904e-06
16 7.704312e-06 5.272925e-05 -0.0200 0.0200 414.7722
#ham2d:	s->r[0] =1.3496859608006027e-07
17 7.831151e-06 5.359489e-05 -0.0200 0.0200 439.7175
#ham2d:	s->r[0] =-1.6136937571119113e-06
18 8.113328e-06 5.387451e-05 -0.0200 0.0200 463.9479
#ham2d:	s->r[0] =-3.0451100129770154e-06
19 8.481030e-06 6.319570e-05 -0.0200 0.0200 488.2076
#ham2d:	s->r[0] =-3.6383511096645983e-06
20 8.723393e-06 8.113166e-05 -0.0200 0.0200 512.4732
#ham2d:	s->r[0] =-3.3432094901025841e-06
21 8.828228e-06 7.664116e-05 -0.0200 0.0200 537.3771
#ham2d:	s->r[0] =-2.5226734808674633e-06
22 8.861422e-06 6.369891e-05 -0.0200 0.0200 561.6136
#ham2d:	s->r[0] =-1.6826821348800907e-06
23 8.728713e-06 7.343108e-05 -0.0200 0.0200 585.8847
#ham2d:	s->r[0] =-1.2500421976369759e-06
24 8.637851e-06 7.955273e-05 -0.0200 0.0200 610.1314
#ham2d:	s->r[0] =-1.3247127334221702e-06
25 8.374666e-06 8.222967e-05 -0.0200 0.0200 633.8976
#ham2d:	s->r[0] =-1.5798145929860278e-06
26 8.215912e-06 8.493642e-05 -0.0200 0.0200 658.4029
#ham2d:	s->r[0] =-1.5314798379673566e-06
27 8.228546e-06 9.034650e-05 -0.0200 0.0200 681.9943
#ham2d:	s->r[0] =-9.6711251273851203e-07
28 8.157356e-06 9.217137e-05 -0.0200 0.0200 701.6305
#ham2d:	s->r[0] =-7.1930026290551331e-08
29 8.166176e-06 9.938329e-05 -0.0200 0.0200 719.9814
#ham2d:	s->r[0] =7.7348025176067616e-07
30 9.063549e-06 1.240358e-04 -0.0200 0.0200 744.0128
#ham2d:	s->r[0] =1.2278048382594338e-06
31 8.383773e-06 1.038049e-04 -0.0200 0.0200 767.2558
#ham2d:	s->r[0] =1.1833866269327789e-06
32 7.833168e-06 6.289628e-05 -0.0200 0.0200 789.3049
#ham2d:	s->r[0] =8.5808996410810078e-07
33 7.452242e-06 6.210772e-05 -0.0200 0.0200 813.3959
#ham2d:	s->r[0] =5.8414289847396450e-07
34 6.954295e-06 6.075468e-05 -0.0200 0.0200 838.5778
#ham2d:	s->r[0] =5.3658198999858903e-07
35 6.685390e-06 5.989531e-05 -0.0200 0.0200 855.2243
#ham2d:	s->r[0] =6.4560497134430591e-07
36 6.645209e-06 6.335436e-05 -0.0200 0.0200 876.1169
#ham2d:	s->r[0] =6.6239958084862829e-07
37 6.670186e-06 6.968441e-05 -0.0200 0.0200 900.6027
#ham2d:	s->r[0] =4.2406645234238232e-07
38 6.574853e-06 7.157423e-05 -0.0200 0.0200 925.4752
#ham2d:	s->r[0] =3.3766985693548445e-08
39 7.287596e-06 7.638231e-05 -0.0200 0.0200 950.1644
#ham2d:	s->r[0] =-2.9096066540290497e-07
40 7.487831e-06 9.189251e-05 -0.0200 0.0200 970.9344
#ham2d:	s->r[0] =-3.9942489665312724e-07
41 6.613012e-06 6.903923e-05 -0.0200 0.0200 993.9519
#ham2d:	s->r[0] =-2.6798849745465585e-07
42 6.180921e-06 6.383776e-05 -0.0200 0.0200 1017.0836
#ham2d:	s->r[0] =-8.4485695615231461e-08
43 5.596784e-06 5.013384e-05 -0.0200 0.0200 1041.6233
#ham2d:	s->r[0] =-6.2465823656497165e-08
44 5.189171e-06 4.295826e-05 -0.0200 0.0200 1060.4534
#ham2d:	s->r[0] =-2.9446707663148921e-07
45 4.938051e-06 3.189301e-05 -0.0200 0.0200 1077.0815
#ham2d:	s->r[0] =-5.8550341114954656e-07
46 4.901174e-06 3.248143e-05 -0.0200 0.0200 1094.8498
#ham2d:	s->r[0] =-7.0730301383315327e-07
47 5.019162e-06 3.500559e-05 -0.0200 0.0200 1113.2619
#ham2d:	s->r[0] =-5.4261527267784068e-07
48 5.172922e-06 3.828300e-05 -0.0200 0.0200 1130.1999
#ham2d:	s->r[0] =-1.8855110586772021e-07
49 5.244302e-06 4.087417e-05 -0.0200 0.0200 1147.9856
#ham2d:	s->r[0] =1.5040304865214201e-07
50 5.117564e-06 4.255988e-05 -0.0200 0.0200 1168.0823
#ham2d:	s->r[0] =2.9840430837411617e-07
51 4.821108e-06 4.793936e-05 -0.0200 0.0200 1190.9114
#ham2d:	s->r[0] =2.9393094494115638e-07
52 4.500279e-06 5.132597e-05 -0.0200 0.0200 1208.7566
#ham2d:	s->r[0] =2.8008913838999203e-07
53 4.602832e-06 6.674669e-05 -0.0200 0.0200 1225.4494
#ham2d:	s->r[0] =3.4460411203698118e-07
54 4.587874e-06 8.093605e-05 -0.0200 0.0200 1242.1228
#ham2d:	s->r[0] =4.6347425899478630e-07
55 3.780297e-06 6.395655e-05 -0.0200 0.0200 1258.9110
#ham2d:	s->r[0] =4.7501575845526866e-07
56 3.610574e-06 5.198020e-05 -0.0200 0.0200 1275.7413
#ham2d:	s->r[0] =2.2368425341154157e-07
57 3.589517e-06 3.017090e-05 -0.0200 0.0200 1292.4517
#ham2d:	s->r[0] =-2.6196657203847527e-07
58 3.595655e-06 2.593092e-05 -0.0200 0.0200 1309.0786
#ham2d:	s->r[0] =-7.8542038201874628e-07
59 3.576369e-06 3.037991e-05 -0.0200 0.0200 1325.7512
#ham2d:	s->r[0] =-1.1012005260236442e-06
60 3.462105e-06 3.731298e-05 -0.0200 0.0200 1342.4876
#ham2d:	s->r[0] =-1.1230075040431862e-06
61 3.509503e-06 4.930986e-05 -0.0200 0.0200 1359.2384
#ham2d:	s->r[0] =-9.6173720203098076e-07
62 3.885565e-06 5.809591e-05 -0.0200 0.0200 1375.8525
#ham2d:	s->r[0] =-7.9958580511241652e-07
63 3.315451e-06 5.763021e-05 -0.0200 0.0200 1395.6625
#ham2d:	s->r[0] =-7.7291149614504002e-07
64 2.868490e-06 3.844543e-05 -0.0200 0.0200 1420.3963
#ham2d:	s->r[0] =-7.8603943025538198e-07
65 2.717223e-06 2.755309e-05 -0.0200 0.0200 1444.5158
#ham2d:	s->r[0] =-6.0876501861551168e-07
66 2.617013e-06 2.258862e-05 -0.0200 0.0200 1468.6482
#ham2d:	s->r[0] =-1.3920398566480549e-07
67 2.538758e-06 1.808557e-05 -0.0200 0.0200 1493.2142
#ham2d:	s->r[0] =5.4862108881839855e-07
68 2.492258e-06 1.990143e-05 -0.0200 0.0200 1513.6825
#ham2d:	s->r[0] =1.2559779128613053e-06
69 2.476923e-06 2.072200e-05 -0.0200 0.0200 1530.8467
#ham2d:	s->r[0] =1.6280062998972684e-06
70 2.448791e-06 2.048782e-05 -0.0200 0.0200 1547.4698
#ham2d:	s->r[0] =1.5967395503482576e-06
71 2.383366e-06 2.640808e-05 -0.0200 0.0200 1564.1823
#ham2d:	s->r[0] =1.3482549319699446e-06
72 2.272349e-06 3.056280e-05 -0.0200 0.0200 1581.2337
#ham2d:	s->r[0] =1.1021526880219523e-06
73 2.124154e-06 3.235331e-05 -0.0200 0.0200 1598.8658
#ham2d:	s->r[0] =9.8924356706209509e-07
74 1.972866e-06 3.315138e-05 -0.0200 0.0200 1615.6530
#ham2d:	s->r[0] =9.0460975096453314e-07
75 1.863150e-06 3.155843e-05 -0.0200 0.0200 1632.9935
#ham2d:	s->r[0] =5.8266538189612194e-07
76 1.815043e-06 3.033459e-05 -0.0200 0.0200 1651.1122
#ham2d:	s->r[0] =-7.4641695671222199e-08
77 1.826955e-06 3.216861e-05 -0.0200 0.0200 1668.0637
#ham2d:	s->r[0] =-8.4123947857494473e-07
78 1.873659e-06 3.314561e-05 -0.0200 0.0200 1692.2578
#ham2d:	s->r[0] =-1.3396715653389853e-06
79 1.936040e-06 3.299405e-05 -0.0200 0.0200 1716.8182
#ham2d:	s->r[0] =-1.4120176276759974e-06
80 1.975465e-06 3.385934e-05 -0.0200 0.0200 1741.5706
#ham2d:	s->r[0] =-1.1673996585718661e-06
81 1.966169e-06 3.074704e-05 -0.0200 0.0200 1766.1434
#ham2d:	s->r[0] =-8.8027063182877403e-07
82 1.915386e-06 3.247252e-05 -0.0200 0.0200 1788.6877
#ham2d:	s->r[0] =-9.0715588282055070e-07
83 1.815273e-06 3.364748e-05 -0.0200 0.0200 1813.2237
#ham2d:	s->r[0] =-1.0983449567536477e-06
84 1.704175e-06 3.251833e-05 -0.0200 0.0200 1838.1818
#ham2d:	s->r[0] =-1.2508735140448390e-06
85 1.627870e-06 3.408549e-05 -0.0200 0.0200 1863.0651
#ham2d:	s->r[0] =-9.9067408639923703e-07
86 1.635843e-06 3.466899e-05 -0.0200 0.0200 1887.6687
#ham2d:	s->r[0] =-2.9845492876464519e-07
87 1.725764e-06 3.686545e-05 -0.0200 0.0200 1912.2785
#ham2d:	s->r[0] =5.1222423050469945e-07
88 1.856461e-06 3.869515e-05 -0.0200 0.0200 1936.9515
#ham2d:	s->r[0] =9.7610590240890461e-07
89 1.990239e-06 3.782943e-05 -0.0200 0.0200 1962.0740
#ham2d:	s->r[0] =8.6958944899178829e-07
90 2.087906e-06 4.039312e-05 -0.0200 0.0200 1986.6993
#ham2d:	s->r[0] =4.5561295516867223e-07
91 2.152596e-06 4.698190e-05 -0.0200 0.0200 2011.3011
#ham2d:	s->r[0] =2.3725029964343636e-07
92 2.179007e-06 5.191300e-05 -0.0200 0.0200 2036.0082
#ham2d:	s->r[0] =4.8844740728860527e-07
93 2.147016e-06 5.705886e-05 -0.0200 0.0200 2061.1310
#ham2d:	s->r[0] =1.1913392548034178e-06
94 2.123819e-06 5.598252e-05 -0.0200 0.0200 2085.7319
#ham2d:	s->r[0] =1.6051185595675546e-06
95 2.139221e-06 4.915066e-05 -0.0200 0.0200 2110.3407
#ham2d:	s->r[0] =1.1633972176330895e-06
96 2.211844e-06 5.140985e-05 -0.0200 0.0200 2135.0103
#ham2d:	s->r[0] =1.4610547027077685e-07
97 2.278538e-06 6.104668e-05 -0.0200 0.0200 2160.1878
#ham2d:	s->r[0] =-7.3119776186331939e-07
98 2.374035e-06 6.705195e-05 -0.0200 0.0200 2184.8569
#ham2d:	s->r[0] =-8.5173126179402693e-07
99 2.462992e-06 6.954191e-05 -0.0200 0.0200 2209.4709
#ham2d:	s->r[0] =-1.5691523656426024e-07
100 2.521211e-06 7.189540e-05 -0.0200 0.0200 2234.0826
#ham2d:	s->r[0] =6.2560777859961932e-07
101 2.524503e-06 5.884496e-05 -0.0200 0.0200 2259.2415
#ham2d:	s->r[0] =6.1447615712911791e-07
102 2.494507e-06 5.764071e-05 -0.0200 0.0200 2283.9372
#ham2d:	s->r[0] =-4.0271325862752182e-07
103 2.453026e-06 6.439256e-05 -0.0200 0.0200 2308.5395
#ham2d:	s->r[0] =-1.4948300057623110e-06
104 2.439567e-06 7.074981e-05 -0.0200 0.0200 2333.0943
#ham2d:	s->r[0] =-1.9137680735399233e-06
105 2.465361e-06 7.742752e-05 -0.0200 0.0200 2358.1788
#ham2d:	s->r[0] =-1.0029480684641364e-06
106 2.539541e-06 7.679595e-05 -0.0200 0.0200 2382.8929
#ham2d:	s->r[0] =4.2748691595967457e-07
107 2.636786e-06 7.617942e-05 -0.0200 0.0200 2407.5124
#ham2d:	s->r[0] =1.2982650271242362e-06
108 2.729634e-06 7.092611e-05 -0.0200 0.0200 2432.0565
#ham2d:	s->r[0] =6.3976337494251443e-07
109 2.800269e-06 7.564766e-05 -0.0200 0.0200 2457.1701
#ham2d:	s->r[0] =-7.6779512038561065e-07
110 2.829841e-06 8.577020e-05 -0.0200 0.0200 2481.8208
#ham2d:	s->r[0] =-1.7336716126987691e-06
111 2.834531e-06 9.796416e-05 -0.0200 0.0200 2506.4032
#ham2d:	s->r[0] =-1.0406896603612869e-06
112 2.824480e-06 9.901497e-05 -0.0200 0.0200 2530.9480
#ham2d:	s->r[0] =8.6551477161597159e-07
113 2.864947e-06 1.067905e-04 -0.0200 0.0200 2555.7000
#ham2d:	s->r[0] =2.3852795979123937e-06
114 2.865369e-06 1.016788e-04 -0.0200 0.0200 2580.8605
#ham2d:	s->r[0] =2.0875945595837518e-06
115 2.882617e-06 9.478038e-05 -0.0200 0.0200 2605.4402
#ham2d:	s->r[0] =1.2902914757766706e-07
116 2.951204e-06 1.093729e-04 -0.0200 0.0200 2630.0595
#ham2d:	s->r[0] =-1.8078576743690782e-06
117 3.067286e-06 1.230789e-04 -0.0200 0.0200 2654.6648
#ham2d:	s->r[0] =-2.3730412102765370e-06
118 3.190994e-06 1.304423e-04 -0.0200 0.0200 2680.0559
#ham2d:	s->r[0] =-3.1612168955428188e-07
119 3.257978e-06 1.358243e-04 -0.0200 0.0200 2704.6252
#ham2d:	s->r[0] =1.9604762229650827e-06
120 3.303893e-06 1.370917e-04 -0.0200 0.0200 2729.2333
#ham2d:	s->r[0] =2.5829908137682404e-06
121 3.319798e-06 1.187434e-04 -0.0200 0.0200 2753.7767
#ham2d:	s->r[0] =6.1598820266301662e-07
122 3.332265e-06 1.223661e-04 -0.0200 0.0200 2778.8845
#ham2d:	s->r[0] =-1.8712835464887749e-06
123 3.341862e-06 1.350059e-04 -0.0200 0.0200 2803.6804
#ham2d:	s->r[0] =-3.4561331364384401e-06
124 3.382908e-06 1.449704e-04 -0.0200 0.0200 2828.3054
#ham2d:	s->r[0] =-1.7522992674404996e-06
125 3.418359e-06 1.561303e-04 -0.0200 0.0200 2852.8811
#ham2d:	s->r[0] =1.4807583831779724e-06
126 3.463043e-06 1.525967e-04 -0.0200 0.0200 2877.5110
#ham2d:	s->r[0] =3.6227756855714051e-06
127 3.538279e-06 1.515118e-04 -0.0200 0.0200 2902.6196
#ham2d:	s->r[0] =2.4811114565067289e-06
128 3.604170e-06 1.276173e-04 -0.0200 0.0200 2927.2080
#ham2d:	s->r[0] =-9.1771974450560430e-07
129 3.689725e-06 1.478765e-04 -0.0200 0.0200 2951.7751
#ham2d:	s->r[0] =-3.5758180205019884e-06
130 3.794711e-06 1.608328e-04 -0.0200 0.0200 2976.4070
#ham2d:	s->r[0] =-2.8593654278920622e-06
131 3.906661e-06 1.730256e-04 -0.0200 0.0200 3001.6227
#ham2d:	s->r[0] =8.1009885954628233e-07
132 3.966023e-06 1.820923e-04 -0.0200 0.0200 3026.1940
#ham2d:	s->r[0] =4.1483235766371455e-06
133 4.016302e-06 1.751009e-04 -0.0200 0.0200 3050.8635
#ham2d:	s->r[0] =4.1189470448108355e-06
134 4.061076e-06 1.743704e-04 -0.0200 0.0200 3075.4468
#ham2d:	s->r[0] =2.1974272189309466e-07
135 4.090425e-06 1.556153e-04 -0.0200 0.0200 3100.7275
#ham2d:	s->r[0] =-3.7235688534551834e-06
136 4.125181e-06 1.679406e-04 -0.0200 0.0200 3125.3119
#ham2d:	s->r[0] =-4.6205144595274009e-06
137 4.167134e-06 1.734011e-04 -0.0200 0.0200 3149.9614
#ham2d:	s->r[0] =-1.7331502486172843e-06
138 4.220644e-06 1.835230e-04 -0.0200 0.0200 3174.5507
#ham2d:	s->r[0] =3.0297638130679847e-06
139 4.216150e-06 1.865380e-04 -0.0200 0.0200 3199.8034
#ham2d:	s->r[0] =4.8329563606746374e-06
140 4.230649e-06 1.737290e-04 -0.0200 0.0200 3224.3961
#ham2d:	s->r[0] =1.9951743957916755e-06
141 4.276089e-06 1.707329e-04 -0.0200 0.0200 3248.9937
#ham2d:	s->r[0] =-3.1043094956799958e-06
142 4.282670e-06 1.645364e-04 -0.0200 0.0200 3273.5690
#ham2d:	s->r[0] =-5.9835016849421786e-06
143 4.290857e-06 1.628354e-04 -0.0200 0.0200 3298.7566
#ham2d:	s->r[0] =-3.7498352421093501e-06
144 4.320020e-06 1.737851e-04 -0.0200 0.0200 3323.3709
#ham2d:	s->r[0] =1.8278232656116964e-06
145 4.365831e-06 1.823958e-04 -0.0200 0.0200 3347.9623
#ham2d:	s->r[0] =5.8587053262847475e-06
146 4.372497e-06 1.797687e-04 -0.0200 0.0200 3372.5221
#ham2d:	s->r[0] =4.8030350701874441e-06
147 4.423022e-06 1.663587e-04 -0.0200 0.0200 3397.7439
#ham2d:	s->r[0] =-9.3044974723474730e-07
148 4.502135e-06 1.667082e-04 -0.0200 0.0200 3422.3334
#ham2d:	s->r[0] =-5.4930844050885599e-06
149 4.523947e-06 1.789316e-04 -0.0200 0.0200 3446.9150
#ham2d:	s->r[0] =-5.3589936223189229e-06
150 4.570849e-06 1.784791e-04 -0.0200 0.0200 3471.4839
#ham2d:	s->r[0] =-3.1327539585965610e-07
151 4.615984e-06 1.842612e-04 -0.0200 0.0200 3496.5458
#ham2d:	s->r[0] =6.1491572152022196e-06
152 4.642679e-06 1.952280e-04 -0.0200 0.0200 3521.1381
#ham2d:	s->r[0] =7.3952143743351843e-06
153 4.655087e-06 1.865390e-04 -0.0200 0.0200 3545.7062
#ham2d:	s->r[0] =2.1190816179027689e-06
154 4.694535e-06 1.736196e-04 -0.0200 0.0200 3570.3537
#ham2d:	s->r[0] =-4.7084667457963125e-06
155 4.729491e-06 1.738027e-04 -0.0200 0.0200 3595.3378
#ham2d:	s->r[0] =-7.7325464430813288e-06
156 4.691081e-06 1.821316e-04 -0.0200 0.0200 3619.9786
#ham2d:	s->r[0] =-3.4354825795658976e-06
157 4.688784e-06 1.911633e-04 -0.0200 0.0200 3644.5558
#ham2d:	s->r[0] =3.8352205808174527e-06
158 4.679768e-06 1.866158e-04 -0.0200 0.0200 3669.1609
#ham2d:	s->r[0] =8.1705946670589946e-06
159 4.663989e-06 1.884770e-04 -0.0200 0.0200 3694.2269
#ham2d:	s->r[0] =5.1573006251112084e-06
160 4.658807e-06 1.705258e-04 -0.0200 0.0200 3718.8636
#ham2d:	s->r[0] =-3.4067251484926658e-06
161 4.670395e-06 1.658598e-04 -0.0200 0.0200 3743.4681
#ham2d:	s->r[0] =-8.2851014000729487e-06
162 4.658653e-06 1.695610e-04 -0.0200 0.0200 3768.1637
#ham2d:	s->r[0] =-6.7015693541765529e-06
163 4.617284e-06 1.617483e-04 -0.0200 0.0200 3793.2498
#ham2d:	s->r[0] =9.2608901743362643e-08
164 4.613937e-06 1.832960e-04 -0.0200 0.0200 3817.8668
#ham2d:	s->r[0] =7.7174616227310082e-06
165 4.614686e-06 1.715831e-04 -0.0200 0.0200 3842.4367
#ham2d:	s->r[0] =8.0718020128042498e-06
166 4.611046e-06 1.696473e-04 -0.0200 0.0200 3867.2414
#ham2d:	s->r[0] =3.8755609971452353e-07
167 4.638469e-06 1.658963e-04 -0.0200 0.0200 3892.3090
#ham2d:	s->r[0] =-6.8405897081098946e-06
168 4.674058e-06 1.645969e-04 -0.0200 0.0200 3916.9322
#ham2d:	s->r[0] =-9.3369578849485116e-06
169 4.673782e-06 1.844952e-04 -0.0200 0.0200 3941.5065
#ham2d:	s->r[0] =-3.0446327660118221e-06
170 4.679377e-06 1.694412e-04 -0.0200 0.0200 3966.3398
#ham2d:	s->r[0] =5.8302117833362667e-06
171 4.699269e-06 1.751974e-04 -0.0200 0.0200 3991.2278
#ham2d:	s->r[0] =1.0651682360505519e-05
172 4.711573e-06 1.785967e-04 -0.0200 0.0200 4015.8161
#ham2d:	s->r[0] =6.1282825255542953e-06
173 4.717632e-06 1.770577e-04 -0.0200 0.0200 4040.4246
#ham2d:	s->r[0] =-4.8263097398590842e-06
174 4.748116e-06 1.719686e-04 -0.0200 0.0200 4065.3523
#ham2d:	s->r[0] =-9.9427005829278190e-06
175 4.760303e-06 1.749516e-04 -0.0200 0.0200 4090.2906
#ham2d:	s->r[0] =-7.0638113277081858e-06
176 4.729099e-06 1.810056e-04 -0.0200 0.0200 4114.8737
#ham2d:	s->r[0] =1.6713002175813973e-06
177 4.721310e-06 1.794283e-04 -0.0200 0.0200 4139.4567
#ham2d:	s->r[0] =1.0522948548049045e-05
178 4.718722e-06 1.779642e-04 -0.0200 0.0200 4164.3531
#ham2d:	s->r[0] =9.9827116587723313e-06
179 4.697905e-06 1.829202e-04 -0.0200 0.0200 4189.2885
#ham2d:	s->r[0] =-1.0559312089490107e-06
180 4.690066e-06 1.624688e-04 -0.0200 0.0200 4213.8770
#ham2d:	s->r[0] =-9.0748361146459654e-06
181 4.700845e-06 1.639526e-04 -0.0200 0.0200 4238.5041
#ham2d:	s->r[0] =-1.0502939112159675e-05
182 4.674119e-06 1.743052e-04 -0.0200 0.0200 4263.2515
#ham2d:	s->r[0] =-2.4046029876913802e-06
183 4.637658e-06 1.614993e-04 -0.0200 0.0200 4288.1997
#ham2d:	s->r[0] =7.2223523142518755e-06
184 4.638570e-06 1.790897e-04 -0.0200 0.0200 4310.5259
#ham2d:	s->r[0] =1.1823023946764194e-05
185 4.629783e-06 1.680683e-04 -0.0200 0.0200 4327.2184
#ham2d:	s->r[0] =5.3849384140659243e-06
186 4.610555e-06 1.646360e-04 -0.0200 0.0200 4344.2604
#ham2d:	s->r[0] =-6.6184918232987586e-06
187 4.637114e-06 1.665478e-04 -0.0200 0.0200 4368.3246
#ham2d:	s->r[0] =-1.1618423879009105e-05
188 4.649897e-06 1.678994e-04 -0.0200 0.0200 4392.8941
#ham2d:	s->r[0] =-7.5662514850775424e-06
189 4.630726e-06 1.733888e-04 -0.0200 0.0200 4417.8369
#ham2d:	s->r[0] =2.6650958598377296e-06
190 4.635136e-06 1.675267e-04 -0.0200 0.0200 4442.4286
#ham2d:	s->r[0] =1.2310940365045302e-05
191 4.654052e-06 1.734877e-04 -0.0200 0.0200 4467.3824
#ham2d:	s->r[0] =1.0943323767122304e-05
192 4.647637e-06 1.691564e-04 -0.0200 0.0200 4491.9276
#ham2d:	s->r[0] =-2.3710303609326212e-06
193 4.640888e-06 1.682541e-04 -0.0200 0.0200 4516.6617
#ham2d:	s->r[0] =-1.0922741070081068e-05
194 4.667052e-06 1.594294e-04 -0.0200 0.0200 4541.2452
#ham2d:	s->r[0] =-1.1294297930135712e-05
195 4.649791e-06 1.650179e-04 -0.0200 0.0200 4566.2377
#ham2d:	s->r[0] =-1.3357066415235752e-06
196 4.617225e-06 1.688120e-04 -0.0200 0.0200 4590.9349
#ham2d:	s->r[0] =8.8428164486757169e-06
197 4.618685e-06 1.812446e-04 -0.0200 0.0200 4615.5321
#ham2d:	s->r[0] =1.3342122130678958e-05
198 4.616495e-06 1.636722e-04 -0.0200 0.0200 4640.2583
#ham2d:	s->r[0] =4.6758271720956691e-06
199 4.588737e-06 1.719862e-04 -0.0200 0.0200 4665.1700
Writing restart files.......
#ham2d:	s->r[0] =-8.0652549352975544e-06
200 4.598883e-06 1.667359e-04 -0.0200 0.0200 4681.9029
#ham2d:	s->r[0] =-1.2633318472788660e-05
201 4.606141e-06 1.606812e-04 -0.0200 0.0200 4705.3866
#ham2d:	s->r[0] =-7.4662899707514705e-06
202 4.568057e-06 1.765279e-04 -0.0200 0.0200 4730.4369
#ham2d:	s->r[0] =3.8584522735984444e-06
203 4.547880e-06 1.606636e-04 -0.0200 0.0200 4754.9933
#ham2d:	s->r[0] =1.3607453116645720e-05
204 4.555060e-06 1.654368e-04 -0.0200 0.0200 4779.6967
#ham2d:	s->r[0] =1.1088427754294401e-05
205 4.541513e-06 1.646766e-04 -0.0200 0.0200 4804.2062
#ham2d:	s->r[0] =-3.7489074172965750e-06
206 4.526219e-06 1.632291e-04 -0.0200 0.0200 4825.2362
#ham2d:	s->r[0] =-1.2283644272257720e-05
207 4.560946e-06 1.582722e-04 -0.0200 0.0200 4842.0510
#ham2d:	s->r[0] =-1.1651819198507255e-05
208 4.558164e-06 1.685928e-04 -0.0200 0.0200 4864.4684
#ham2d:	s->r[0] =-1.4908096227802094e-07
209 4.536625e-06 1.634683e-04 -0.0200 0.0200 4889.0946
#ham2d:	s->r[0] =1.0304879572277122e-05
210 4.547773e-06 1.758535e-04 -0.0200 0.0200 4913.6905
#ham2d:	s->r[0] =1.4340861363927587e-05
211 4.555563e-06 1.587341e-04 -0.0200 0.0200 4938.2976
#ham2d:	s->r[0] =3.8028022006679217e-06
212 4.532687e-06 1.706953e-04 -0.0200 0.0200 4963.4639
#ham2d:	s->r[0] =-9.2426823007421408e-06
213 4.542927e-06 1.685658e-04 -0.0200 0.0200 4988.0659
#ham2d:	s->r[0] =-1.3223338244666073e-05
214 4.559038e-06 1.562280e-04 -0.0200 0.0200 5012.6851
#ham2d:	s->r[0] =-6.8762806835624045e-06
215 4.522590e-06 1.772893e-04 -0.0200 0.0200 5037.3234
#ham2d:	s->r[0] =5.0409678323454953e-06
216 4.502565e-06 1.576164e-04 -0.0200 0.0200 5062.5626
#ham2d:	s->r[0] =1.4644063930750102e-05
217 4.512351e-06 1.656418e-04 -0.0200 0.0200 5087.1701
#ham2d:	s->r[0] =1.0776348996950683e-05
218 4.498970e-06 1.654300e-04 -0.0200 0.0200 5111.7461
#ham2d:	s->r[0] =-5.2274209148608501e-06
219 4.472443e-06 1.643761e-04 -0.0200 0.0200 5136.3267
#ham2d:	s->r[0] =-1.3399126009505617e-05
220 4.498211e-06 1.576305e-04 -0.0200 0.0200 5161.3474
#ham2d:	s->r[0] =-1.1721439144929031e-05
221 4.478058e-06 1.654520e-04 -0.0200 0.0200 5185.9229
#ham2d:	s->r[0] =8.4735851487109778e-07
222 4.437721e-06 1.630842e-04 -0.0200 0.0200 5210.5412
#ham2d:	s->r[0] =1.1147744356027039e-05
223 4.435993e-06 1.686025e-04 -0.0200 0.0200 5235.0729
#ham2d:	s->r[0] =1.4119637381888728e-05
224 4.436831e-06 1.568442e-04 -0.0200 0.0200 5259.9168
#ham2d:	s->r[0] =2.1021831191477762e-06
225 4.411722e-06 1.654340e-04 -0.0200 0.0200 5284.6788
#ham2d:	s->r[0] =-1.0088618844252056e-05
226 4.422547e-06 1.632432e-04 -0.0200 0.0200 5309.3357
#ham2d:	s->r[0] =-1.3315057485166330e-05
227 4.450054e-06 1.499335e-04 -0.0200 0.0200 5333.8793
#ham2d:	s->r[0] =-5.7858485670849661e-06
228 4.420552e-06 1.734381e-04 -0.0200 0.0200 5358.6383
#ham2d:	s->r[0] =5.9816452152580484e-06
229 4.409746e-06 1.545721e-04 -0.0200 0.0200 5383.6357
#ham2d:	s->r[0] =1.5291528880106491e-05
230 4.434303e-06 1.653177e-04 -0.0200 0.0200 5408.2691
#ham2d:	s->r[0] =1.0402136097176958e-05
231 4.432668e-06 1.625995e-04 -0.0200 0.0200 5432.7345
#ham2d:	s->r[0] =-6.0782217465085438e-06
232 4.415563e-06 1.615186e-04 -0.0200 0.0200 5450.1724
#ham2d:	s->r[0] =-1.3856199014287747e-05
233 4.449958e-06 1.571574e-04 -0.0200 0.0200 5466.7969
#ham2d:	s->r[0] =-1.1324216833276732e-05
234 4.438133e-06 1.626773e-04 -0.0200 0.0200 5483.5147
#ham2d:	s->r[0] =2.0051620782723446e-06
235 4.404684e-06 1.644097e-04 -0.0200 0.0200 5500.1863
#ham2d:	s->r[0] =1.2333953542833457e-05
236 4.411185e-06 1.678906e-04 -0.0200 0.0200 5518.1837
#ham2d:	s->r[0] =1.4132627192319123e-05
237 4.415765e-06 1.590686e-04 -0.0200 0.0200 5542.7020
#ham2d:	s->r[0] =5.9953111523925742e-07
238 4.385044e-06 1.664958e-04 -0.0200 0.0200 5567.8666
#ham2d:	s->r[0] =-1.0691095823181146e-05
239 4.389047e-06 1.612911e-04 -0.0200 0.0200 5590.6127
#ham2d:	s->r[0] =-1.3230209932781595e-05
240 4.406602e-06 1.484262e-04 -0.0200 0.0200 5614.3388
#ham2d:	s->r[0] =-4.5715842807587384e-06
241 4.361996e-06 1.707578e-04 -0.0200 0.0200 5635.5216
#ham2d:	s->r[0] =6.6758674266961384e-06
242 4.339015e-06 1.542357e-04 -0.0200 0.0200 5659.2587
#ham2d:	s->r[0] =1.5176655494996774e-05
243 4.355663e-06 1.647703e-04 -0.0200 0.0200 5683.7217
#ham2d:	s->r[0] =9.0049152409490659e-06
244 4.345476e-06 1.574351e-04 -0.0200 0.0200 5705.4396
#ham2d:	s->r[0] =-7.1370546894736491e-06
245 4.324187e-06 1.579742e-04 -0.0200 0.0200 5722.6033
#ham2d:	s->r[0] =-1.4011066997315775e-05
246 4.359400e-06 1.522371e-04 -0.0200 0.0200 5746.5221
#ham2d:	s->r[0] =-1.0844761292819088e-05
247 4.343916e-06 1.572188e-04 -0.0200 0.0200 5771.1919
#ham2d:	s->r[0] =2.6169496081045559e-06
248 4.313095e-06 1.595543e-04 -0.0200 0.0200 5792.5347
#ham2d:	s->r[0] =1.3037554376182178e-05
249 4.327680e-06 1.635653e-04 -0.0200 0.0200 5817.2102
#ham2d:	s->r[0] =1.3578968056183667e-05
250 4.339254e-06 1.547495e-04 -0.0200 0.0200 5839.7176
#ham2d:	s->r[0] =-8.6040125465375268e-07
251 4.313043e-06 1.631263e-04 -0.0200 0.0200 5864.2590
#ham2d:	s->r[0] =-1.1024160369335028e-05
252 4.327482e-06 1.595824e-04 -0.0200 0.0200 5888.9765
#ham2d:	s->r[0] =-1.2944873584533220e-05
253 4.352149e-06 1.471705e-04 -0.0200 0.0200 5913.5173
#ham2d:	s->r[0] =-3.2089097459213508e-06
254 4.311672e-06 1.693543e-04 -0.0200 0.0200 5937.9676
#ham2d:	s->r[0] =7.5129574853204120e-06
255 4.299581e-06 1.541146e-04 -0.0200 0.0200 5962.6395
#ham2d:	s->r[0] =1.5372952219827729e-05
256 4.324656e-06 1.647770e-04 -0.0200 0.0200 5987.2232
#ham2d:	s->r[0] =7.9016189057344802e-06
257 4.315421e-06 1.571960e-04 -0.0200 0.0200 6012.0104
#ham2d:	s->r[0] =-7.8323709980236591e-06
258 4.296070e-06 1.577855e-04 -0.0200 0.0200 6036.9388
#ham2d:	s->r[0] =-1.3839800340874792e-05
259 4.330830e-06 1.501062e-04 -0.0200 0.0200 6061.5574
#ham2d:	s->r[0] =-1.0051566790239819e-05
260 4.305335e-06 1.560724e-04 -0.0200 0.0200 6086.2530
#ham2d:	s->r[0] =3.3261467200703261e-06
261 4.269958e-06 1.567425e-04 -0.0200 0.0200 6111.1008
#ham2d:	s->r[0] =1.3694521883649422e-05
262 4.283691e-06 1.619296e-04 -0.0200 0.0200 6135.6973
#ham2d:	s->r[0] =1.2814570078014528e-05
263 4.290111e-06 1.512010e-04 -0.0200 0.0200 6160.2642
#ham2d:	s->r[0] =-2.3408796137860597e-06
264 4.258951e-06 1.614711e-04 -0.0200 0.0200 6184.9559
#ham2d:	s->r[0] =-1.1434971865246170e-05
265 4.275491e-06 1.582906e-04 -0.0200 0.0200 6210.1674
#ham2d:	s->r[0] =-1.2611178847978560e-05
266 4.295836e-06 1.456411e-04 -0.0200 0.0200 6234.9062
#ham2d:	s->r[0] =-1.8354826713845622e-06
267 4.250671e-06 1.667502e-04 -0.0200 0.0200 6259.5517
#ham2d:	s->r[0] =8.1689300001475034e-06
268 4.244565e-06 1.501144e-04 -0.0200 0.0200 6284.1618
#ham2d:	s->r[0] =1.5055297359321300e-05
269 4.270283e-06 1.605082e-04 -0.0200 0.0200 6309.4582
#ham2d:	s->r[0] =6.4884736874741086e-06
270 4.260616e-06 1.544097e-04 -0.0200 0.0200 6333.9933
#ham2d:	s->r[0] =-8.4583909530448867e-06
271 4.247650e-06 1.517054e-04 -0.0200 0.0200 6358.6017
#ham2d:	s->r[0] =-1.3611214571106640e-05
272 4.287495e-06 1.453028e-04 -0.0200 0.0200 6383.2091
#ham2d:	s->r[0] =-9.1155181883196022e-06
273 4.260002e-06 1.562958e-04 -0.0200 0.0200 6407.8085
#ham2d:	s->r[0] =3.9343060466716546e-06
274 4.231991e-06 1.522580e-04 -0.0200 0.0200 6432.5877
#ham2d:	s->r[0] =1.4191808452275272e-05
275 4.255354e-06 1.626102e-04 -0.0200 0.0200 6457.5112
#ham2d:	s->r[0] =1.2109804761616723e-05
276 4.262698e-06 1.479158e-04 -0.0200 0.0200 6482.0839
#ham2d:	s->r[0] =-3.5872826140264107e-06
277 4.230845e-06 1.610637e-04 -0.0200 0.0200 6506.6428
#ham2d:	s->r[0] =-1.1861537200776017e-05
278 4.252064e-06 1.581164e-04 -0.0200 0.0200 6531.3318
#ham2d:	s->r[0] =-1.2249760549359247e-05
279 4.265080e-06 1.460225e-04 -0.0200 0.0200 6555.8302
#ham2d:	s->r[0] =-5.5145934719396435e-07
280 4.213939e-06 1.651955e-04 -0.0200 0.0200 6579.0140
#ham2d:	s->r[0] =8.8801444271016696e-06
281 4.213674e-06 1.487109e-04 -0.0200 0.0200 6599.4491
#ham2d:	s->r[0] =1.4647124994865455e-05
282 4.233768e-06 1.556024e-04 -0.0200 0.0200 6624.0550
#ham2d:	s->r[0] =4.9803546531678459e-06
283 4.218678e-06 1.530941e-04 -0.0200 0.0200 6648.8292
#ham2d:	s->r[0] =-8.9947120679132958e-06
284 4.209901e-06 1.470973e-04 -0.0200 0.0200 6673.3239
#ham2d:	s->r[0] =-1.3326593161128682e-05
285 4.249441e-06 1.423024e-04 -0.0200 0.0200 6697.9456
#ham2d:	s->r[0] =-7.9832162534259683e-06
286 4.216423e-06 1.560980e-04 -0.0200 0.0200 6714.6107
#ham2d:	s->r[0] =4.5650361684476936e-06
287 4.193496e-06 1.463937e-04 -0.0200 0.0200 6733.7971
#ham2d:	s->r[0] =1.4410410063061834e-05
288 4.223203e-06 1.629046e-04 -0.0200 0.0200 6758.9650
#ham2d:	s->r[0] =1.1428242697036526e-05
289 4.231434e-06 1.484168e-04 -0.0200 0.0200 6782.5139
#ham2d:	s->r[0] =-4.5143156447892413e-06
290 4.203984e-06 1.590210e-04 -0.0200 0.0200 6806.7999
#ham2d:	s->r[0] =-1.2296636392917332e-05
291 4.234651e-06 1.571161e-04 -0.0200 0.0200 6831.2536
#ham2d:	s->r[0] =-1.1804894250192333e-05
292 4.243447e-06 1.492130e-04 -0.0200 0.0200 6851.9552
#ham2d:	s->r[0] =5.7084852623887235e-07
293 4.195838e-06 1.640412e-04 -0.0200 0.0200 6876.4867
#ham2d:	s->r[0] =9.7676535237044821e-06
294 4.206403e-06 1.504962e-04 -0.0200 0.0200 6901.1159
#ham2d:	s->r[0] =1.4342286797126174e-05
295 4.225030e-06 1.525244e-04 -0.0200 0.0200 6925.3666
#ham2d:	s->r[0] =3.5545808825507532e-06
296 4.204406e-06 1.529254e-04 -0.0200 0.0200 6949.5696
#ham2d:	s->r[0] =-9.4942271514810364e-06
297 4.201093e-06 1.473406e-04 -0.0200 0.0200 6972.7948
#ham2d:	s->r[0] =-1.3105330787463343e-05
298 4.236437e-06 1.408119e-04 -0.0200 0.0200 6997.8858
#ham2d:	s->r[0] =-6.7538016173555445e-06
299 4.197121e-06 1.560425e-04 -0.0200 0.0200 7019.9885
#ham2d:	s->r[0] =5.1398673998821108e-06
300 4.175681e-06 1.488951e-04 -0.0200 0.0200 7042.0481
#ham2d:	s->r[0] =1.4344189977682955e-05
301 4.204775e-06 1.638472e-04 -0.0200 0.0200 7067.1381
#ham2d:	s->r[0] =1.0520369147539306e-05
302 4.204918e-06 1.479786e-04 -0.0200 0.0200 7091.7433
#ham2d:	s->r[0] =-5.3902713389228889e-06
303 4.178614e-06 1.562111e-04 -0.0200 0.0200 7116.3041
#ham2d:	s->r[0] =-1.2763306392700720e-05
304 4.211631e-06 1.530182e-04 -0.0200 0.0200 7140.9853
#ham2d:	s->r[0] =-1.1338416479873232e-05
305 4.209181e-06 1.497428e-04 -0.0200 0.0200 7166.1257
#ham2d:	s->r[0] =1.3678682035299047e-06
306 4.165054e-06 1.599412e-04 -0.0200 0.0200 7190.7204
#ham2d:	s->r[0] =1.0553714455675914e-05
307 4.183206e-06 1.508647e-04 -0.0200 0.0200 7215.3288
#ham2d:	s->r[0] =1.3830580903969284e-05
308 4.200501e-06 1.539152e-04 -0.0200 0.0200 7240.0367
#ham2d:	s->r[0] =2.1276432748199082e-06
309 4.176782e-06 1.530606e-04 -0.0200 0.0200 7265.1464
#ham2d:	s->r[0] =-9.7768216155913199e-06
310 4.184556e-06 1.486199e-04 -0.0200 0.0200 7289.7455
#ham2d:	s->r[0] =-1.2804420148874318e-05
311 4.219336e-06 1.415843e-04 -0.0200 0.0200 7314.3374
#ham2d:	s->r[0] =-5.4979893552482986e-06
312 4.181015e-06 1.543818e-04 -0.0200 0.0200 7339.0617
#ham2d:	s->r[0] =5.7541855830354566e-06
313 4.167877e-06 1.491438e-04 -0.0200 0.0200 7364.2025
#ham2d:	s->r[0] =1.4456939516488999e-05
314 4.201978e-06 1.644525e-04 -0.0200 0.0200 7388.8214
#ham2d:	s->r[0] =9.7791132744832405e-06
315 4.198425e-06 1.476363e-04 -0.0200 0.0200 7413.4100
#ham2d:	s->r[0] =-6.0368206177263469e-06
316 4.178812e-06 1.551293e-04 -0.0200 0.0200 7438.0742
#ham2d:	s->r[0] =-1.3061364621541248e-05
317 4.214984e-06 1.508229e-04 -0.0200 0.0200 7463.1713
#ham2d:	s->r[0] =-1.0772832267202900e-05
318 4.201558e-06 1.490533e-04 -0.0200 0.0200 7487.7645
#ham2d:	s->r[0] =2.0502347580980885e-06
319 4.161923e-06 1.580825e-04 -0.0200 0.0200 7512.3353
#ham2d:	s->r[0] =1.1348223367195996e-05
320 4.183841e-06 1.508763e-04 -0.0200 0.0200 7537.0949
#ham2d:	s->r[0] =1.3269132683099945e-05
321 4.195953e-06 1.559502e-04 -0.0200 0.0200 7562.0943
#ham2d:	s->r[0] =6.5277584098421030e-07
322 4.166962e-06 1.533901e-04 -0.0200 0.0200 7586.6894
#ham2d:	s->r[0] =-1.0060287765441754e-05
323 4.180819e-06 1.475944e-04 -0.0200 0.0200 7611.2892
#ham2d:	s->r[0] =-1.2558776083141034e-05
324 4.207868e-06 1.433835e-04 -0.0200 0.0200 7636.0862
#ham2d:	s->r[0] =-4.2851087204237402e-06
325 4.164189e-06 1.563761e-04 -0.0200 0.0200 7661.0538
#ham2d:	s->r[0] =6.2985607441748141e-06
326 4.156165e-06 1.478983e-04 -0.0200 0.0200 7685.6795
#ham2d:	s->r[0] =1.4393538866122665e-05
327 4.188356e-06 1.623015e-04 -0.0200 0.0200 7710.2807
#ham2d:	s->r[0] =8.7054132043354858e-06
328 4.180285e-06 1.487322e-04 -0.0200 0.0200 7735.1210
#ham2d:	s->r[0] =-6.7105336450453098e-06
329 4.167974e-06 1.517415e-04 -0.0200 0.0200 7760.0629
#ham2d:	s->r[0] =-1.3151652362577454e-05
330 4.207038e-06 1.510382e-04 -0.0200 0.0200 7784.6575
#ham2d:	s->r[0] =-1.0214699440773773e-05
331 4.184928e-06 1.494460e-04 -0.0200 0.0200 7809.2833
#ham2d:	s->r[0] =2.5639714981742610e-06
332 4.155674e-06 1.593220e-04 -0.0200 0.0200 7834.1529
#ham2d:	s->r[0] =1.2128975296405082e-05
333 4.183796e-06 1.513811e-04 -0.0200 0.0200 7859.1302
#ham2d:	s->r[0] =1.2782620201961145e-05
334 4.194783e-06 1.555316e-04 -0.0200 0.0200 7883.7571
#ham2d:	s->r[0] =-6.8930283540081909e-07
335 4.166676e-06 1.544822e-04 -0.0200 0.0200 7908.3826
#ham2d:	s->r[0] =-1.0349015027407933e-05
336 4.188700e-06 1.488133e-04 -0.0200 0.0200 7933.2938
#ham2d:	s->r[0] =-1.2307300978999606e-05
337 4.209191e-06 1.449272e-04 -0.0200 0.0200 7958.2881
#ham2d:	s->r[0] =-3.0789208919409909e-06
338 4.162442e-06 1.600413e-04 -0.0200 0.0200 7982.9031
#ham2d:	s->r[0] =6.9533221011594849e-06
339 4.162568e-06 1.498869e-04 -0.0200 0.0200 8007.5576
#ham2d:	s->r[0] =1.4402944491113163e-05
340 4.190186e-06 1.625754e-04 -0.0200 0.0200 8032.5100
#ham2d:	s->r[0] =7.5623655607412438e-06
341 4.177749e-06 1.500311e-04 -0.0200 0.0200 8057.4964
#ham2d:	s->r[0] =-7.3284755991843113e-06
342 4.170654e-06 1.468065e-04 -0.0200 0.0200 8082.1085
#ham2d:	s->r[0] =-1.3061513428368637e-05
343 4.209125e-06 1.494446e-04 -0.0200 0.0200 8106.7063
#ham2d:	s->r[0] =-9.5808019949310299e-06
344 4.176458e-06 1.492085e-04 -0.0200 0.0200 8131.6391
#ham2d:	s->r[0] =3.0162585288115174e-06
345 4.154584e-06 1.577842e-04 -0.0200 0.0200 8156.6276
#ham2d:	s->r[0] =1.2837454801524877e-05
346 4.185237e-06 1.538164e-04 -0.0200 0.0200 8181.2381
#ham2d:	s->r[0] =1.2268956655100188e-05
347 4.191821e-06 1.522129e-04 -0.0200 0.0200 8205.8348
#ham2d:	s->r[0] =-1.9618325305416205e-06
348 4.164651e-06 1.570310e-04 -0.0200 0.0200 8230.8276
#ham2d:	s->r[0] =-1.0733495249022768e-05
349 4.194262e-06 1.524050e-04 -0.0200 0.0200 8255.8099
#ham2d:	s->r[0] =-1.2114707244939133e-05
350 4.205869e-06 1.452121e-04 -0.0200 0.0200 8280.4024
#ham2d:	s->r[0] =-1.9074295478703436e-06
351 4.158605e-06 1.618531e-04 -0.0200 0.0200 8305.0409
#ham2d:	s->r[0] =7.6432885045668971e-06
352 4.168808e-06 1.498465e-04 -0.0200 0.0200 8329.9139
#ham2d:	s->r[0] =1.4336056740721374e-05
353 4.191773e-06 1.610603e-04 -0.0200 0.0200 8354.9358
#ham2d:	s->r[0] =6.3992821557731357e-06
354 4.176098e-06 1.510294e-04 -0.0200 0.0200 8379.5245
#ham2d:	s->r[0] =-7.9249763649677984e-06
355 4.175637e-06 1.441960e-04 -0.0200 0.0200 8404.1493
#ham2d:	s->r[0] =-1.2990578904966515e-05
356 4.212698e-06 1.451088e-04 -0.0200 0.0200 8428.9562
#ham2d:	s->r[0] =-8.8419410713677635e-06
357 4.173537e-06 1.507250e-04 -0.0200 0.0200 8453.9517
#ham2d:	s->r[0] =3.5349806402638814e-06
358 4.157175e-06 1.536890e-04 -0.0200 0.0200 8478.5584
#ham2d:	s->r[0] =1.3414475106329086e-05
359 4.189885e-06 1.572812e-04 -0.0200 0.0200 8503.2461
#ham2d:	s->r[0] =1.1728479489501056e-05
360 4.189984e-06 1.483774e-04 -0.0200 0.0200 8527.9731
#ham2d:	s->r[0] =-3.1225678901340486e-06
361 4.165201e-06 1.583356e-04 -0.0200 0.0200 8552.9452
#ham2d:	s->r[0] =-1.1212851886170899e-05
362 4.198359e-06 1.551345e-04 -0.0200 0.0200 8577.5442
#ham2d:	s->r[0] =-1.1915679531356989e-05
363 4.199343e-06 1.465758e-04 -0.0200 0.0200 8602.2862
#ham2d:	s->r[0] =-7.9859707806078230e-07
364 4.152260e-06 1.625221e-04 -0.0200 0.0200 8627.0098
#ham2d:	s->r[0] =8.3904237464977425e-06
365 4.169802e-06 1.487663e-04 -0.0200 0.0200 8651.8836
#ham2d:	s->r[0] =1.4177850516954618e-05
366 4.187927e-06 1.571234e-04 -0.0200 0.0200 8676.4806
#ham2d:	s->r[0] =5.2114754007440749e-06
367 4.168031e-06 1.514810e-04 -0.0200 0.0200 8701.1994
#ham2d:	s->r[0] =-8.4684516465568992e-06
368 4.175839e-06 1.468219e-04 -0.0200 0.0200 8725.8898
#ham2d:	s->r[0] =-1.2915775053141642e-05
369 4.210128e-06 1.393850e-04 -0.0200 0.0200 8750.7663
#ham2d:	s->r[0] =-7.9837174484933908e-06
370 4.168643e-06 1.540630e-04 -0.0200 0.0200 8775.4015
#ham2d:	s->r[0] =4.1564291958222393e-06
371 4.158304e-06 1.479411e-04 -0.0200 0.0200 8800.3144
#ham2d:	s->r[0] =1.3834939740616971e-05
372 4.192816e-06 1.604833e-04 -0.0200 0.0200 8824.9615
#ham2d:	s->r[0] =1.1244438775407361e-05
373 4.188057e-06 1.476888e-04 -0.0200 0.0200 8849.7762
#ham2d:	s->r[0] =-4.0792408326855467e-06
374 4.169346e-06 1.583347e-04 -0.0200 0.0200 8874.3852
#ham2d:	s->r[0] =-1.1766255898029209e-05
375 4.205744e-06 1.560939e-04 -0.0200 0.0200 8899.2645
#ham2d:	s->r[0] =-1.1643493622294790e-05
376 4.197100e-06 1.499827e-04 -0.0200 0.0200 8923.9743
#ham2d:	s->r[0] =1.8387400775520218e-07
377 4.153540e-06 1.627254e-04 -0.0200 0.0200 8948.7665
#ham2d:	s->r[0] =9.2387799062693896e-06
378 4.176380e-06 1.509995e-04 -0.0200 0.0200 8973.3713
#ham2d:	s->r[0] =1.3999523380241252e-05
379 4.189063e-06 1.525603e-04 -0.0200 0.0200 8998.3176
#ham2d:	s->r[0] =3.9359319238553548e-06
380 4.164023e-06 1.516141e-04 -0.0200 0.0200 9022.9195
#ham2d:	s->r[0] =-9.0525421095059001e-06
381 4.178976e-06 1.479664e-04 -0.0200 0.0200 9047.8026
#ham2d:	s->r[0] =-1.2856836301730836e-05
382 4.207172e-06 1.401908e-04 -0.0200 0.0200 9072.4351
#ham2d:	s->r[0] =-6.9785490396387178e-06
383 4.162923e-06 1.554730e-04 -0.0200 0.0200 9097.3728
#ham2d:	s->r[0] =4.7649955380822662e-06
384 4.157014e-06 1.496804e-04 -0.0200 0.0200 9122.0411
#ham2d:	s->r[0] =1.4019672031575566e-05
385 4.189240e-06 1.628103e-04 -0.0200 0.0200 9146.8552
#ham2d:	s->r[0] =1.0633627431757176e-05
386 4.179767e-06 1.460196e-04 -0.0200 0.0200 9171.4599
#ham2d:	s->r[0] =-4.9154544577277530e-06
387 4.167437e-06 1.560149e-04 -0.0200 0.0200 9196.4266
#ham2d:	s->r[0] =-1.2341549759992307e-05
388 4.205620e-06 1.539245e-04 -0.0200 0.0200 9221.0340
#ham2d:	s->r[0] =-1.1316848809759260e-05
389 4.187577e-06 1.507289e-04 -0.0200 0.0200 9245.9269
#ham2d:	s->r[0] =1.0115752529758770e-06
390 4.152891e-06 1.604752e-04 -0.0200 0.0200 9270.5249
#ham2d:	s->r[0] =1.0130853001149606e-05
391 4.180381e-06 1.518515e-04 -0.0200 0.0200 9295.4107
#ham2d:	s->r[0] =1.3760172846660518e-05
392 4.189670e-06 1.552982e-04 -0.0200 0.0200 9320.0250
#ham2d:	s->r[0] =2.6346712894232207e-06
393 4.163457e-06 1.529571e-04 -0.0200 0.0200 9344.8519
#ham2d:	s->r[0] =-9.4854105651279849e-06
394 4.186135e-06 1.462155e-04 -0.0200 0.0200 9369.5083
#ham2d:	s->r[0] =-1.2733810301083354e-05
395 4.209003e-06 1.427185e-04 -0.0200 0.0200 9394.3149
#ham2d:	s->r[0] =-5.8695243123561803e-06
396 4.164183e-06 1.548350e-04 -0.0200 0.0200 9418.9703
#ham2d:	s->r[0] =5.3895210559310464e-06
397 4.164115e-06 1.491173e-04 -0.0200 0.0200 9443.7690
#ham2d:	s->r[0] =1.4197901196206669e-05
398 4.193476e-06 1.643287e-04 -0.0200 0.0200 9468.4262
#ham2d:	s->r[0] =9.9592829978180684e-06
399 4.180418e-06 1.471426e-04 -0.0200 0.0200 9493.1915
Writing restart files.......
#ham2d:	s->r[0] =-5.6591798475545002e-06
400 4.173943e-06 1.534911e-04 -0.0200 0.0200 9509.9548
#ham2d:	s->r[0] =-1.2822637127950848e-05
401 4.211712e-06 1.514830e-04 -0.0200 0.0200 9526.7309
#ham2d:	s->r[0] =-1.0901001507838209e-05
402 4.183867e-06 1.485759e-04 -0.0200 0.0200 9543.4425
#ham2d:	s->r[0] =1.7051528964611421e-06
403 4.157610e-06 1.594013e-04 -0.0200 0.0200 9560.1575
#ham2d:	s->r[0] =1.0979632150731763e-05
404 4.186548e-06 1.505748e-04 -0.0200 0.0200 9576.9667
#ham2d:	s->r[0] =1.3380667997419068e-05
405 4.191384e-06 1.565860e-04 -0.0200 0.0200 9595.0205
#ham2d:	s->r[0] =1.2449018723999390e-06
406 4.164376e-06 1.551706e-04 -0.0200 0.0200 9611.9983
#ham2d:	s->r[0] =-9.8498367939201396e-06
407 4.192782e-06 1.468231e-04 -0.0200 0.0200 9635.4240
#ham2d:	s->r[0] =-1.2581269277460898e-05
408 4.207112e-06 1.444396e-04 -0.0200 0.0200 9659.9937
#ham2d:	s->r[0] =-4.7381364009276293e-06
409 4.162077e-06 1.564829e-04 -0.0200 0.0200 9684.5511
#ham2d:	s->r[0] =6.0182262031561163e-06
410 4.169430e-06 1.483202e-04 -0.0200 0.0200 9706.9414
#ham2d:	s->r[0] =1.4338082881103291e-05
411 4.194167e-06 1.634872e-04 -0.0200 0.0200 9723.4390
#ham2d:	s->r[0] =9.1118599657680246e-06
412 4.179192e-06 1.492441e-04 -0.0200 0.0200 9739.9722
#ham2d:	s->r[0] =-6.3803348845849640e-06
413 4.179169e-06 1.492972e-04 -0.0200 0.0200 9756.5203
#ham2d:	s->r[0] =-1.3119410943550091e-05
414 4.216301e-06 1.515683e-04 -0.0200 0.0200 9773.0347
#ham2d:	s->r[0] =-1.0433562153574965e-05
415 4.180787e-06 1.500749e-04 -0.0200 0.0200 9789.5342
#ham2d:	s->r[0] =2.3045967763443486e-06
416 4.163166e-06 1.602080e-04 -0.0200 0.0200 9806.0945
#ham2d:	s->r[0] =1.1825149180789788e-05
417 4.194145e-06 1.523731e-04 -0.0200 0.0200 9822.6154
#ham2d:	s->r[0] =1.2973592682229371e-05
418 4.193316e-06 1.551051e-04 -0.0200 0.0200 9839.1484
#ham2d:	s->r[0] =-1.4409032247246679e-07
419 4.168923e-06 1.556160e-04 -0.0200 0.0200 9855.6950
#ham2d:	s->r[0] =-1.0208918812439003e-05
420 4.200647e-06 1.498484e-04 -0.0200 0.0200 9872.1872
#ham2d:	s->r[0] =-1.2418297844891243e-05
421 4.205818e-06 1.454953e-04 -0.0200 0.0200 9888.7062
#ham2d:	s->r[0] =-3.5764045044919690e-06
422 4.159652e-06 1.600953e-04 -0.0200 0.0200 9905.2369
#ham2d:	s->r[0] =6.6983729044382744e-06
423 4.174340e-06 1.503627e-04 -0.0200 0.0200 9921.7469
#ham2d:	s->r[0] =1.4456129201562526e-05
424 4.193936e-06 1.634269e-04 -0.0200 0.0200 9938.2427
#ham2d:	s->r[0] =8.0704407307572915e-06
425 4.176453e-06 1.505969e-04 -0.0200 0.0200 9954.7925
#ham2d:	s->r[0] =-7.0872290759562377e-06
426 4.182841e-06 1.461069e-04 -0.0200 0.0200 9971.2853
#ham2d:	s->r[0] =-1.3164675962351541e-05
427 4.216934e-06 1.487284e-04 -0.0200 0.0200 9987.8014
#ham2d:	s->r[0] =-9.9097709589884589e-06
428 4.176344e-06 1.502688e-04 -0.0200 0.0200 10004.3253
#ham2d:	s->r[0] =2.8158039406325368e-06
429 4.165523e-06 1.577619e-04 -0.0200 0.0200 10020.8227
#ham2d:	s->r[0] =1.2658297657421294e-05
430 4.198426e-06 1.540751e-04 -0.0200 0.0200 10037.3327
#ham2d:	s->r[0] =1.2549143827798993e-05
431 4.192431e-06 1.509417e-04 -0.0200 0.0200 10053.8577
#ham2d:	s->r[0] =-1.4890271633102555e-06
432 4.172436e-06 1.576294e-04 -0.0200 0.0200 10070.3663
#ham2d:	s->r[0] =-1.0639196599284471e-05
433 4.206832e-06 1.523709e-04 -0.0200 0.0200 10086.8516
#ham2d:	s->r[0] =-1.2265794039947352e-05
434 4.203367e-06 1.456378e-04 -0.0200 0.0200 10103.3708
#ham2d:	s->r[0] =-2.3908012806722753e-06
435 4.157764e-06 1.620130e-04 -0.0200 0.0200 10119.8634
#ham2d:	s->r[0] =7.4236143273237118e-06
436 4.178494e-06 1.504879e-04 -0.0200 0.0200 10136.3689
#ham2d:	s->r[0] =1.4486504455322095e-05
437 4.193557e-06 1.622721e-04 -0.0200 0.0200 10152.9015
#ham2d:	s->r[0] =6.8931770672059597e-06
438 4.173065e-06 1.517272e-04 -0.0200 0.0200 10169.3867
#ham2d:	s->r[0] =-7.7603470403998830e-06
439 4.186787e-06 1.476233e-04 -0.0200 0.0200 10185.8830
#ham2d:	s->r[0] =-1.3137672729717269e-05
440 4.216164e-06 1.423120e-04 -0.0200 0.0200 10202.4004
#ham2d:	s->r[0] =-9.2293716614521120e-06
441 4.172361e-06 1.518726e-04 -0.0200 0.0200 10218.8999
#ham2d:	s->r[0] =3.3552688860212748e-06
442 4.166230e-06 1.518230e-04 -0.0200 0.0200 10235.3753
#ham2d:	s->r[0] =1.3371068649473677e-05
443 4.199113e-06 1.572636e-04 -0.0200 0.0200 10251.8946
#ham2d:	s->r[0] =1.2055354577883038e-05
444 4.188827e-06 1.497177e-04 -0.0200 0.0200 10268.3995
#ham2d:	s->r[0] =-2.7440087395667615e-06
445 4.174443e-06 1.588829e-04 -0.0200 0.0200 10284.8976
#ham2d:	s->r[0] =-1.1146509152339476e-05
446 4.210239e-06 1.554732e-04 -0.0200 0.0200 10301.4278
#ham2d:	s->r[0] =-1.2097377278393920e-05
447 4.197758e-06 1.488970e-04 -0.0200 0.0200 10317.9130
#ham2d:	s->r[0] =-1.2041315303350963e-06
448 4.156879e-06 1.631487e-04 -0.0200 0.0200 10334.4105
#ham2d:	s->r[0] =8.2148427852738603e-06
449 4.181761e-06 1.506620e-04 -0.0200 0.0200 10350.9258
#ham2d:	s->r[0] =1.4400817309725809e-05
450 4.192149e-06 1.590691e-04 -0.0200 0.0200 10367.4296
#ham2d:	s->r[0] =5.6901560932663250e-06
451 4.169124e-06 1.522505e-04 -0.0200 0.0200 10383.9058
#ham2d:	s->r[0] =-8.3835990666159660e-06
452 4.189957e-06 1.475126e-04 -0.0200 0.0200 10400.4467
#ham2d:	s->r[0] =-1.3093610186176019e-05
453 4.214960e-06 1.398417e-04 -0.0200 0.0200 10416.9226
#ham2d:	s->r[0] =-8.3914178916148820e-06
454 4.169582e-06 1.539769e-04 -0.0200 0.0200 10433.4279
#ham2d:	s->r[0] =3.9956176470965453e-06
455 4.168870e-06 1.491190e-04 -0.0200 0.0200 10449.9609
#ham2d:	s->r[0] =1.3889681959128357e-05
456 4.199581e-06 1.604364e-04 -0.0200 0.0200 10466.4481
#ham2d:	s->r[0] =1.1528784993799783e-05
457 4.186150e-06 1.487925e-04 -0.0200 0.0200 10482.9505
#ham2d:	s->r[0] =-3.8523955301812018e-06
458 4.177262e-06 1.589882e-04 -0.0200 0.0200 10499.4619
#ham2d:	s->r[0] =-1.1729745044188774e-05
459 4.214046e-06 1.568863e-04 -0.0200 0.0200 10515.9793
#ham2d:	s->r[0] =-1.1854197432452872e-05
460 4.193221e-06 1.511384e-04 -0.0200 0.0200 10532.4846
#ham2d:	s->r[0] =-9.9417630253215475e-08
461 4.159118e-06 1.634868e-04 -0.0200 0.0200 10549.0256
#ham2d:	s->r[0] =9.0804391196847817e-06
462 4.185803e-06 1.521089e-04 -0.0200 0.0200 10565.4913
#ham2d:	s->r[0] =1.4236669850384014e-05
463 4.191045e-06 1.544187e-04 -0.0200 0.0200 10582.0123
#ham2d:	s->r[0] =4.3663878110669022e-06
464 4.165915e-06 1.526783e-04 -0.0200 0.0200 10598.5304
#ham2d:	s->r[0] =-9.0156975846443198e-06
465 4.192041e-06 1.441905e-04 -0.0200 0.0200 10615.0280
#ham2d:	s->r[0] =-1.3022336967752616e-05
466 4.210506e-06 1.412699e-04 -0.0200 0.0200 10631.5238
#ham2d:	s->r[0] =-7.3807918807742515e-06
467 4.165009e-06 1.560236e-04 -0.0200 0.0200 10648.0375
#ham2d:	s->r[0] =4.6772630693879520e-06
468 4.169648e-06 1.501423e-04 -0.0200 0.0200 10664.5501
#ham2d:	s->r[0] =1.4180680957924993e-05
469 4.196902e-06 1.631741e-04 -0.0200 0.0200 10681.0467
#ham2d:	s->r[0] =1.0930548535992052e-05
470 4.181349e-06 1.461420e-04 -0.0200 0.0200 10697.5901
#ham2d:	s->r[0] =-4.7913846212633345e-06
471 4.178790e-06 1.570158e-04 -0.0200 0.0200 10714.0569
#ham2d:	s->r[0] =-1.2354362285282995e-05
472 4.215688e-06 1.556672e-04 -0.0200 0.0200 10730.5814
#ham2d:	s->r[0] =-1.1526257907323317e-05
473 4.187132e-06 1.503133e-04 -0.0200 0.0200 10747.0846
#ham2d:	s->r[0] =8.5398424797569717e-07
474 4.161892e-06 1.616932e-04 -0.0200 0.0200 10763.5900
#ham2d:	s->r[0] =1.0026939439873910e-05
475 4.190442e-06 1.512905e-04 -0.0200 0.0200 10780.0823
#ham2d:	s->r[0] =1.3988754927980720e-05
476 4.190302e-06 1.568331e-04 -0.0200 0.0200 10796.5982
#ham2d:	s->r[0] =2.9523184590223920e-06
477 4.165541e-06 1.559431e-04 -0.0200 0.0200 10813.1081
#ham2d:	s->r[0] =-9.5276501454172918e-06
478 4.195679e-06 1.464994e-04 -0.0200 0.0200 10829.6033
#ham2d:	s->r[0] =-1.2910346199802573e-05
479 4.206172e-06 1.436965e-04 -0.0200 0.0200 10846.1590
#ham2d:	s->r[0] =-6.1728577002904375e-06
480 4.161026e-06 1.557944e-04 -0.0200 0.0200 10862.6242
#ham2d:	s->r[0] =5.3394258762168035e-06
481 4.171936e-06 1.484402e-04 -0.0200 0.0200 10879.1362
#ham2d:	s->r[0] =1.4334395618589668e-05
482 4.194540e-06 1.650039e-04 -0.0200 0.0200 10895.6333
#ham2d:	s->r[0] =1.0210813792714442e-05
483 4.177517e-06 1.470226e-04 -0.0200 0.0200 10912.1447
#ham2d:	s->r[0] =-5.6121993126230328e-06
484 4.180890e-06 1.543261e-04 -0.0200 0.0200 10928.6231
#ham2d:	s->r[0] =-1.2886108726465336e-05
485 4.216016e-06 1.521775e-04 -0.0200 0.0200 10945.1578
#ham2d:	s->r[0] =-1.1098803607968263e-05
486 4.179993e-06 1.484185e-04 -0.0200 0.0200 10961.6695
#ham2d:	s->r[0] =1.6405530989238706e-06
487 4.163500e-06 1.607269e-04 -0.0200 0.0200 10978.1597
#ham2d:	s->r[0] =1.0945539902239436e-05
488 4.193858e-06 1.522066e-04 -0.0200 0.0200 10994.7125
#ham2d:	s->r[0] =1.3608367226836046e-05
489 4.188486e-06 1.565951e-04 -0.0200 0.0200 11011.1777
#ham2d:	s->r[0] =1.4762438540481576e-06
490 4.166274e-06 1.560756e-04 -0.0200 0.0200 11027.7068
#ham2d:	s->r[0] =-9.9170797277740790e-06
491 4.198400e-06 1.486683e-04 -0.0200 0.0200 11044.1852
#ham2d:	s->r[0] =-1.2732800566880894e-05
492 4.200808e-06 1.452551e-04 -0.0200 0.0200 11060.7499
#ham2d:	s->r[0] =-4.9671895031952421e-06
493 4.155957e-06 1.561000e-04 -0.0200 0.0200 11077.2383
#ham2d:	s->r[0] =6.0081439553312852e-06
494 4.173266e-06 1.480682e-04 -0.0200 0.0200 11093.7384
#ham2d:	s->r[0] =1.4483216699905887e-05
495 4.191473e-06 1.646463e-04 -0.0200 0.0200 11110.2905
#ham2d:	s->r[0] =9.3351925617687811e-06
496 4.173088e-06 1.493061e-04 -0.0200 0.0200 11126.7907
#ham2d:	s->r[0] =-6.3838698439956499e-06
497 4.183273e-06 1.503136e-04 -0.0200 0.0200 11143.3020
#ham2d:	s->r[0] =-1.3226619457132804e-05
498 4.215118e-06 1.508531e-04 -0.0200 0.0200 11159.8157
#ham2d:	s->r[0] =-1.0604198991708225e-05
499 4.174224e-06 1.501624e-04 -0.0200 0.0200 11176.3492
#ham2d:	s->r[0] =2.2886193274728535e-06
500 4.164996e-06 1.597307e-04 -0.0200 0.0200 11192.8307
#ham2d:	s->r[0] =1.1847201342297202e-05
501 4.196803e-06 1.517372e-04 -0.0200 0.0200 11209.3823
#ham2d:	s->r[0] =1.3154496295286128e-05
502 4.186848e-06 1.535293e-04 -0.0200 0.0200 11225.8722
#ham2d:	s->r[0] =-1.2546833304927880e-08
503 4.169095e-06 1.551365e-04 -0.0200 0.0200 11242.3662
#ham2d:	s->r[0] =-1.0289260000068095e-05
504 4.202214e-06 1.516184e-04 -0.0200 0.0200 11258.8860
#ham2d:	s->r[0] =-1.2550277906369507e-05
505 4.195944e-06 1.457100e-04 -0.0200 0.0200 11275.3868
#ham2d:	s->r[0] =-3.7181981657192744e-06
506 4.153091e-06 1.597695e-04 -0.0200 0.0200 11291.8728
#ham2d:	s->r[0] =6.7208274670354601e-06
507 4.175090e-06 1.503334e-04 -0.0200 0.0200 11308.4200
#ham2d:	s->r[0] =1.4604848670244361e-05
508 4.188726e-06 1.640788e-04 -0.0200 0.0200 11324.9191
#ham2d:	s->r[0] =8.2356506304570882e-06
509 4.168730e-06 1.507994e-04 -0.0200 0.0200 11341.4014
#ham2d:	s->r[0] =-7.1363640319142802e-06
510 4.186178e-06 1.475966e-04 -0.0200 0.0200 11358.0381
#ham2d:	s->r[0] =-1.3303370339834792e-05
511 4.213620e-06 1.459703e-04 -0.0200 0.0200 11379.7659
#ham2d:	s->r[0] =-1.0038696685815701e-05
512 4.169973e-06 1.525711e-04 -0.0200 0.0200 11404.3968
#ham2d:	s->r[0] =2.8554210438687009e-06
513 4.166653e-06 1.553588e-04 -0.0200 0.0200 11429.0238
#ham2d:	s->r[0] =1.2730437044206091e-05
514 4.198699e-06 1.537531e-04 -0.0200 0.0200 11453.6639
#ham2d:	s->r[0] =1.2670744979765206e-05
515 4.185686e-06 1.508440e-04 -0.0200 0.0200 11478.2098
#ham2d:	s->r[0] =-1.4670600595490543e-06
516 4.173025e-06 1.577464e-04 -0.0200 0.0200 11502.5815
#ham2d:	s->r[0] =-1.0732294119344045e-05
517 4.207310e-06 1.533384e-04 -0.0200 0.0200 11520.4167
#ham2d:	s->r[0] =-1.2368370702069933e-05
518 4.192739e-06 1.479128e-04 -0.0200 0.0200 11545.0148
#ham2d:	s->r[0] =-2.4437040420430929e-06
519 4.153619e-06 1.617795e-04 -0.0200 0.0200 11569.5354
#ham2d:	s->r[0] =7.4808784196778605e-06
520 4.178603e-06 1.504054e-04 -0.0200 0.0200 11594.4017
#ham2d:	s->r[0] =1.4621966527600896e-05
521 4.186854e-06 1.629996e-04 -0.0200 0.0200 11618.9639
#ham2d:	s->r[0] =6.9648723242336769e-06
522 4.164924e-06 1.518250e-04 -0.0200 0.0200 11643.5683
#ham2d:	s->r[0] =-7.8381937157953800e-06
523 4.188566e-06 1.459829e-04 -0.0200 0.0200 11668.6492
#ham2d:	s->r[0] =-1.3251635151376940e-05
524 4.210596e-06 1.396351e-04 -0.0200 0.0200 11693.2671
#ham2d:	s->r[0] =-9.3013197904246551e-06
525 4.165218e-06 1.529568e-04 -0.0200 0.0200 11717.7377
#ham2d:	s->r[0] =3.4237465785524630e-06
526 4.167755e-06 1.475693e-04 -0.0200 0.0200 11738.2125
#ham2d:	s->r[0] =1.3493396356246504e-05
527 4.197335e-06 1.570861e-04 -0.0200 0.0200 11762.9132
#ham2d:	s->r[0] =1.2136839540470333e-05
528 4.182073e-06 1.508011e-04 -0.0200 0.0200 11788.3471
#ham2d:	s->r[0] =-2.8030158532363738e-06
529 4.175486e-06 1.590909e-04 -0.0200 0.0200 11812.8915
#ham2d:	s->r[0] =-1.1254681240903963e-05
530 4.210876e-06 1.555951e-04 -0.0200 0.0200 11837.4592
#ham2d:	s->r[0] =-1.2175833351357530e-05
531 4.189432e-06 1.508837e-04 -0.0200 0.0200 11861.7731
#ham2d:	s->r[0] =-1.1734636915856407e-06
532 4.156346e-06 1.633991e-04 -0.0200 0.0200 11886.3635
#ham2d:	s->r[0] =8.3116234894754033e-06
533 4.183018e-06 1.519900e-04 -0.0200 0.0200 11911.2476
#ham2d:	s->r[0] =1.4510053726046827e-05
534 4.185434e-06 1.598200e-04 -0.0200 0.0200 11935.9305
#ham2d:	s->r[0] =5.6584658198690794e-06
535 4.162429e-06 1.530279e-04 -0.0200 0.0200 11960.6697
#ham2d:	s->r[0] =-8.4983404554321760e-06
536 4.190167e-06 1.434601e-04 -0.0200 0.0200 11985.3206
#ham2d:	s->r[0] =-1.3189096787700554e-05
537 4.205606e-06 1.403277e-04 -0.0200 0.0200 12010.1329
#ham2d:	s->r[0] =-8.3875783763210317e-06
538 4.160103e-06 1.538248e-04 -0.0200 0.0200 12034.9402
#ham2d:	s->r[0] =4.0891586405772314e-06
539 4.168316e-06 1.500204e-04 -0.0200 0.0200 12059.6675
#ham2d:	s->r[0] =1.4022255813308730e-05
540 4.194612e-06 1.605190e-04 -0.0200 0.0200 12084.3775
#ham2d:	s->r[0] =1.1548431101993803e-05
541 4.177396e-06 1.491980e-04 -0.0200 0.0200 12109.1126
#ham2d:	s->r[0] =-3.9795014135559701e-06
542 4.177442e-06 1.590801e-04 -0.0200 0.0200 12133.9746
#ham2d:	s->r[0] =-1.1863252452328659e-05
543 4.212503e-06 1.572557e-04 -0.0200 0.0200 12158.5510
#ham2d:	s->r[0] =-1.1899286467236836e-05
544 4.183534e-06 1.507810e-04 -0.0200 0.0200 12183.3966
#ham2d:	s->r[0] =1.3414710908735855e-08
545 4.158708e-06 1.637123e-04 -0.0200 0.0200 12208.0162
#ham2d:	s->r[0] =9.2278282304358722e-06
546 4.186546e-06 1.512433e-04 -0.0200 0.0200 12232.9950
#ham2d:	s->r[0] =1.4312383183597795e-05
547 4.183257e-06 1.564224e-04 -0.0200 0.0200 12257.6079
#ham2d:	s->r[0] =4.2402746070523752e-06
548 4.160600e-06 1.564478e-04 -0.0200 0.0200 12282.5299
#ham2d:	s->r[0] =-9.1533216330502021e-06
549 4.190981e-06 1.459765e-04 -0.0200 0.0200 12307.1403
#ham2d:	s->r[0] =-1.3091221362107715e-05
550 4.198929e-06 1.429409e-04 -0.0200 0.0200 12331.8782
#ham2d:	s->r[0] =-7.2750266702599953e-06
551 4.153652e-06 1.562612e-04 -0.0200 0.0200 12356.4869
#ham2d:	s->r[0] =4.8099347389943378e-06
552 4.167947e-06 1.495670e-04 -0.0200 0.0200 12381.2906
#ham2d:	s->r[0] =1.4305753001214617e-05
553 4.189889e-06 1.635343e-04 -0.0200 0.0200 12406.0528
#ham2d:	s->r[0] =1.0891117106690896e-05
554 4.171672e-06 1.462911e-04 -0.0200 0.0200 12430.8491
#ham2d:	s->r[0] =-4.9639924936750743e-06
555 4.178251e-06 1.568561e-04 -0.0200 0.0200 12455.4843
#ham2d:	s->r[0] =-1.2506204332464602e-05
556 4.211263e-06 1.560341e-04 -0.0200 0.0200 12480.3965
#ham2d:	s->r[0] =-1.1528221349496114e-05
557 4.175919e-06 1.470917e-04 -0.0200 0.0200 12505.2032
#ham2d:	s->r[0] =1.0117307878399449e-06
558 4.159912e-06 1.615140e-04 -0.0200 0.0200 12529.8942
#ham2d:	s->r[0] =1.0221728818676738e-05
559 4.189307e-06 1.521013e-04 -0.0200 0.0200 12554.5317
#ham2d:	s->r[0] =1.4006550320055369e-05
560 4.181008e-06 1.573303e-04 -0.0200 0.0200 12579.4987
#ham2d:	s->r[0] =2.7097779029355728e-06
561 4.160973e-06 1.559016e-04 -0.0200 0.0200 12604.1074
#ham2d:	s->r[0] =-9.6621578583610027e-06
562 4.192368e-06 1.478953e-04 -0.0200 0.0200 12629.0328
#ham2d:	s->r[0] =-1.2947428146812874e-05
563 4.192110e-06 1.449289e-04 -0.0200 0.0200 12653.6243
#ham2d:	s->r[0] =-5.9867936027899356e-06
564 4.148341e-06 1.561194e-04 -0.0200 0.0200 12678.3466
#ham2d:	s->r[0] =5.4996370114527649e-06
565 4.167569e-06 1.460951e-04 -0.0200 0.0200 12703.0824
#ham2d:	s->r[0] =1.4445714668966274e-05
566 4.184790e-06 1.654120e-04 -0.0200 0.0200 12727.8541
#ham2d:	s->r[0] =1.0105198613888796e-05
567 4.165523e-06 1.474498e-04 -0.0200 0.0200 12752.4634
#ham2d:	s->r[0] =-5.8126750077914065e-06
568 4.179059e-06 1.536671e-04 -0.0200 0.0200 12777.2380
#ham2d:	s->r[0] =-1.3029401715029392e-05
569 4.209347e-06 1.519230e-04 -0.0200 0.0200 12801.8614
#ham2d:	s->r[0] =-1.1056397228793970e-05
570 4.168949e-06 1.500263e-04 -0.0200 0.0200 12826.6474
#ham2d:	s->r[0] =1.8148249444930264e-06
571 4.160597e-06 1.605844e-04 -0.0200 0.0200 12851.2883
#ham2d:	s->r[0] =1.1185117934507214e-05
572 4.191800e-06 1.514409e-04 -0.0200 0.0200 12876.1543
#ham2d:	s->r[0] =1.3581983343107494e-05
573 4.179264e-06 1.551363e-04 -0.0200 0.0200 12900.9763
#ham2d:	s->r[0] =1.1435646265401560e-06
574 4.162850e-06 1.548466e-04 -0.0200 0.0200 12925.5543
#ham2d:	s->r[0] =-1.0053597598298239e-05
575 4.194954e-06 1.511458e-04 -0.0200 0.0200 12950.2123
#ham2d:	s->r[0] =-1.2755837054010160e-05
576 4.186386e-06 1.456072e-04 -0.0200 0.0200 12975.1578
#ham2d:	s->r[0] =-4.7020905901580252e-06
577 4.145921e-06 1.567388e-04 -0.0200 0.0200 12999.9203
#ham2d:	s->r[0] =6.2084487251206990e-06
578 4.168387e-06 1.485723e-04 -0.0200 0.0200 13024.5091
#ham2d:	s->r[0] =1.4591247353185470e-05
579 4.180644e-06 1.649747e-04 -0.0200 0.0200 13049.1291
#ham2d:	s->r[0] =9.1320268229592251e-06
580 4.160614e-06 1.496011e-04 -0.0200 0.0200 13074.1228
#ham2d:	s->r[0] =-6.6173137405866055e-06
581 4.180844e-06 1.486148e-04 -0.0200 0.0200 13099.0659
#ham2d:	s->r[0] =-1.3336408617447491e-05
582 4.206346e-06 1.481509e-04 -0.0200 0.0200 13123.6584
#ham2d:	s->r[0] =-1.0508728839649171e-05
583 4.163147e-06 1.528972e-04 -0.0200 0.0200 13148.2802
#ham2d:	s->r[0] =2.4804001484747019e-06
584 4.161957e-06 1.571135e-04 -0.0200 0.0200 13173.2594
#ham2d:	s->r[0] =1.2125127634322582e-05
585 4.192915e-06 1.509711e-04 -0.0200 0.0200 13198.1739
#ham2d:	s->r[0] =1.3084283046385286e-05
586 4.178080e-06 1.512717e-04 -0.0200 0.0200 13222.7498
#ham2d:	s->r[0] =-4.1535302714376123e-07
587 4.166754e-06 1.557397e-04 -0.0200 0.0200 13247.3705
#ham2d:	s->r[0] =-1.0451970078975311e-05
588 4.199478e-06 1.530517e-04 -0.0200 0.0200 13272.1459
#ham2d:	s->r[0] =-1.2552811298613710e-05
589 4.183718e-06 1.474324e-04 -0.0200 0.0200 13297.0537
#ham2d:	s->r[0] =-3.3837181487494569e-06
590 4.147001e-06 1.600561e-04 -0.0200 0.0200 13321.6285
#ham2d:	s->r[0] =6.9601534885192453e-06
591 4.172110e-06 1.504148e-04 -0.0200 0.0200 13346.2401
#ham2d:	s->r[0] =1.4687788814389882e-05
592 4.178296e-06 1.643509e-04 -0.0200 0.0200 13371.0324
#ham2d:	s->r[0] =7.9215430793602918e-06
593 4.157785e-06 1.511569e-04 -0.0200 0.0200 13396.0197
#ham2d:	s->r[0] =-7.3820899397816946e-06
594 4.182846e-06 1.449884e-04 -0.0200 0.0200 13420.6555
#ham2d:	s->r[0] =-1.3349229514011607e-05
595 4.202635e-06 1.404254e-04 -0.0200 0.0200 13445.2723
#ham2d:	s->r[0] =-9.8811310873721811e-06
596 4.157830e-06 1.520991e-04 -0.0200 0.0200 13470.0243
#ham2d:	s->r[0] =3.0442697062933976e-06
597 4.163297e-06 1.494419e-04 -0.0200 0.0200 13495.0162
#ham2d:	s->r[0] =1.3026711847296400e-05
598 4.192209e-06 1.543763e-04 -0.0200 0.0200 13519.6022
#ham2d:	s->r[0] =1.2555651871769601e-05
599 4.175707e-06 1.523695e-04 -0.0200 0.0200 13544.2097
Writing restart files.......
#ham2d:	s->r[0] =-1.9043934653573965e-06
600 4.171016e-06 1.583582e-04 -0.0200 0.0200 13568.9183
#ham2d:	s->r[0] =-1.0932718923266496e-05
601 4.204652e-06 1.528836e-04 -0.0200 0.0200 13593.0164
#ham2d:	s->r[0] =-1.2356740792605177e-05
602 4.182065e-06 1.506400e-04 -0.0200 0.0200 13609.8979
#ham2d:	s->r[0] =-2.0508566355384602e-06
603 4.150616e-06 1.620722e-04 -0.0200 0.0200 13633.9432
#ham2d:	s->r[0] =7.7691739899583251e-06
604 4.177538e-06 1.516916e-04 -0.0200 0.0200 13658.5072
#ham2d:	s->r[0] =1.4657903062177066e-05
605 4.177166e-06 1.627834e-04 -0.0200 0.0200 13683.1326
#ham2d:	s->r[0] =6.5700434986387118e-06
606 4.156172e-06 1.537323e-04 -0.0200 0.0200 13703.7420
#ham2d:	s->r[0] =-8.0996954060859580e-06
607 4.184329e-06 1.439218e-04 -0.0200 0.0200 13728.0458
#ham2d:	s->r[0] =-1.3280288893021154e-05
608 4.197515e-06 1.400348e-04 -0.0200 0.0200 13751.0576
#ham2d:	s->r[0] =-9.0391438795969499e-06
609 4.152201e-06 1.526380e-04 -0.0200 0.0200 13775.7851
#ham2d:	s->r[0] =3.6670328659327577e-06
610 4.164090e-06 1.495560e-04 -0.0200 0.0200 13798.1174
#ham2d:	s->r[0] =1.3757478437842631e-05
611 4.189708e-06 1.580478e-04 -0.0200 0.0200 13816.1888
#ham2d:	s->r[0] =1.1967418592084757e-05
612 4.171815e-06 1.514458e-04 -0.0200 0.0200 13832.6980
#ham2d:	s->r[0] =-3.2526693157933090e-06
613 4.174452e-06 1.593472e-04 -0.0200 0.0200 13849.1961
#ham2d:	s->r[0] =-1.1498181647160100e-05
614 4.207436e-06 1.565931e-04 -0.0200 0.0200 13865.7226
#ham2d:	s->r[0] =-1.2127097650586775e-05
615 4.178384e-06 1.507004e-04 -0.0200 0.0200 13882.2252
#ham2d:	s->r[0] =-7.3168875418571429e-07
616 4.154451e-06 1.640081e-04 -0.0200 0.0200 13898.7180
#ham2d:	s->r[0] =8.6644652715724466e-06
617 4.182095e-06 1.507688e-04 -0.0200 0.0200 13915.2735
#ham2d:	s->r[0] =1.4494720298974892e-05
618 4.176507e-06 1.588648e-04 -0.0200 0.0200 13931.7556
#ham2d:	s->r[0] =5.1571747426084361e-06
619 4.156214e-06 1.568473e-04 -0.0200 0.0200 13948.2637
#ham2d:	s->r[0] =-8.7892240662292752e-06
620 4.186091e-06 1.456840e-04 -0.0200 0.0200 13964.7964
#ham2d:	s->r[0] =-1.3200881030049746e-05
621 4.191095e-06 1.425426e-04 -0.0200 0.0200 13981.3132
#ham2d:	s->r[0] =-7.9927662960056273e-06
622 4.146717e-06 1.547181e-04 -0.0200 0.0200 13997.7700
#ham2d:	s->r[0] =4.3868291403731217e-06
623 4.163686e-06 1.498645e-04 -0.0200 0.0200 14014.3032
#ham2d:	s->r[0] =1.4203227847492439e-05
624 4.184921e-06 1.617366e-04 -0.0200 0.0200 14030.8056
#ham2d:	s->r[0] =1.1318758401388167e-05
625 4.165590e-06 1.476398e-04 -0.0200 0.0200 14047.2996
#ham2d:	s->r[0] =-4.4135980237748620e-06
626 4.175657e-06 1.581328e-04 -0.0200 0.0200 14063.8249
#ham2d:	s->r[0] =-1.2151620368029299e-05
627 4.206381e-06 1.575247e-04 -0.0200 0.0200 14080.3077
#ham2d:	s->r[0] =-1.1786978340265706e-05
628 4.171861e-06 1.470052e-04 -0.0200 0.0200 14096.8257
#ham2d:	s->r[0] =4.5463776251072300e-07
629 4.156359e-06 1.633156e-04 -0.0200 0.0200 14113.3382
#ham2d:	s->r[0] =9.6595053775738317e-06
630 4.185241e-06 1.520878e-04 -0.0200 0.0200 14129.8586
#ham2d:	s->r[0] =1.4229408326045863e-05
631 4.174690e-06 1.577140e-04 -0.0200 0.0200 14146.3241
#ham2d:	s->r[0] =3.6161916171178847e-06
632 4.156731e-06 1.551708e-04 -0.0200 0.0200 14162.8723
#ham2d:	s->r[0] =-9.4203410184378480e-06
633 4.187182e-06 1.476902e-04 -0.0200 0.0200 14179.3563
#ham2d:	s->r[0] =-1.3084375576167136e-05
634 4.184370e-06 1.447343e-04 -0.0200 0.0200 14195.8743
#ham2d:	s->r[0] =-6.7257132429184355e-06
635 4.142214e-06 1.568185e-04 -0.0200 0.0200 14212.3838
#ham2d:	s->r[0] =5.1303347381219323e-06
636 4.162663e-06 1.470649e-04 -0.0200 0.0200 14228.8761
#ham2d:	s->r[0] =1.4410277475866122e-05
637 4.178719e-06 1.645524e-04 -0.0200 0.0200 14245.4016
#ham2d:	s->r[0] =1.0576956267738797e-05
638 4.158703e-06 1.472578e-04 -0.0200 0.0200 14261.8969
#ham2d:	s->r[0] =-5.3722840827392479e-06
639 4.175605e-06 1.552631e-04 -0.0200 0.0200 14278.4302
#ham2d:	s->r[0] =-1.2779032406174167e-05
640 4.203793e-06 1.550869e-04 -0.0200 0.0200 14294.9036
#ham2d:	s->r[0] =-1.1351251053570369e-05
641 4.164523e-06 1.513447e-04 -0.0200 0.0200 14311.4301
#ham2d:	s->r[0] =1.4077177441416087e-06
642 4.157101e-06 1.609464e-04 -0.0200 0.0200 14327.9035
#ham2d:	s->r[0] =1.0684001827046274e-05
643 4.186903e-06 1.506686e-04 -0.0200 0.0200 14344.4324
#ham2d:	s->r[0] =1.3852295745708653e-05
644 4.172803e-06 1.561980e-04 -0.0200 0.0200 14360.9372
#ham2d:	s->r[0] =1.9904383116314285e-06
645 4.157733e-06 1.546354e-04 -0.0200 0.0200 14377.4307
#ham2d:	s->r[0] =-9.8775808547381218e-06
646 4.188777e-06 1.509965e-04 -0.0200 0.0200 14393.9461
#ham2d:	s->r[0] =-1.2891031083878319e-05
647 4.178503e-06 1.454480e-04 -0.0200 0.0200 14410.4372
#ham2d:	s->r[0] =-5.3971060447799275e-06
648 4.139876e-06 1.561104e-04 -0.0200 0.0200 14426.9833
#ham2d:	s->r[0] =5.8473932707956490e-06
649 4.162496e-06 1.480350e-04 -0.0200 0.0200 14443.4604
#ham2d:	s->r[0] =1.4547036963906546e-05
650 4.173172e-06 1.658862e-04 -0.0200 0.0200 14459.9806
#ham2d:	s->r[0] =9.6928128533974403e-06
651 4.153274e-06 1.481194e-04 -0.0200 0.0200 14476.4564
#ham2d:	s->r[0] =-6.2218157769998732e-06
652 4.175556e-06 1.508804e-04 -0.0200 0.0200 14493.0361
#ham2d:	s->r[0] =-1.3224875568135682e-05
653 4.199175e-06 1.496032e-04 -0.0200 0.0200 14509.5093
#ham2d:	s->r[0] =-1.0824097228804587e-05
654 4.156270e-06 1.527874e-04 -0.0200 0.0200 14526.0252
#ham2d:	s->r[0] =2.1591006863814100e-06
655 4.157367e-06 1.580720e-04 -0.0200 0.0200 14542.5380
#ham2d:	s->r[0] =1.1670589302739299e-05
656 4.187299e-06 1.496959e-04 -0.0200 0.0200 14559.0378
#ham2d:	s->r[0] =1.3366861404843330e-05
657 4.171009e-06 1.517436e-04 -0.0200 0.0200 14575.5728
#ham2d:	s->r[0] =3.6471328536513123e-07
658 4.161047e-06 1.555987e-04 -0.0200 0.0200 14592.0521
#ham2d:	s->r[0] =-1.0265332653895848e-05
659 4.192512e-06 1.528480e-04 -0.0200 0.0200 14608.5874
#ham2d:	s->r[0] =-1.2691421305045983e-05
660 4.175414e-06 1.475292e-04 -0.0200 0.0200 14625.0704
#ham2d:	s->r[0] =-4.0505670298971404e-06
661 4.141074e-06 1.583559e-04 -0.0200 0.0200 14641.6147
#ham2d:	s->r[0] =6.5961771311053724e-06
662 4.166341e-06 1.499700e-04 -0.0200 0.0200 14658.0719
#ham2d:	s->r[0] =1.4686548067480222e-05
663 4.170024e-06 1.645572e-04 -0.0200 0.0200 14674.6337
#ham2d:	s->r[0] =8.5660415836724785e-06
664 4.150862e-06 1.503954e-04 -0.0200 0.0200 14691.1182
#ham2d:	s->r[0] =-7.0353172783017449e-06
665 4.176309e-06 1.455125e-04 -0.0200 0.0200 14707.6140
#ham2d:	s->r[0] =-1.3392835154844847e-05
666 4.194500e-06 1.426700e-04 -0.0200 0.0200 14724.1294
#ham2d:	s->r[0] =-1.0226365130306205e-05
667 4.150128e-06 1.507877e-04 -0.0200 0.0200 14740.6060
#ham2d:	s->r[0] =2.7881429610085245e-06
668 4.158435e-06 1.509900e-04 -0.0200 0.0200 14757.1363
#ham2d:	s->r[0] =1.2629597352615334e-05
669 4.186739e-06 1.522534e-04 -0.0200 0.0200 14773.6087
#ham2d:	s->r[0] =1.2829546000310931e-05
670 4.169531e-06 1.536029e-04 -0.0200 0.0200 14790.1409
#ham2d:	s->r[0] =-1.2169883639565041e-06
671 4.166826e-06 1.573146e-04 -0.0200 0.0200 14806.6142
#ham2d:	s->r[0] =-1.0713802394713699e-05
672 4.198245e-06 1.525949e-04 -0.0200 0.0200 14823.1449
#ham2d:	s->r[0] =-1.2471901865399157e-05
673 4.174508e-06 1.506041e-04 -0.0200 0.0200 14839.6146
#ham2d:	s->r[0] =-2.6786453244564192e-06
674 4.145544e-06 1.609477e-04 -0.0200 0.0200 14856.1363
#ham2d:	s->r[0] =7.4000384324900229e-06
675 4.172755e-06 1.513483e-04 -0.0200 0.0200 14872.6248
#ham2d:	s->r[0] =1.4719723001886448e-05
676 4.170013e-06 1.641330e-04 -0.0200 0.0200 14889.1291
#ham2d:	s->r[0] =7.2125217706274752e-06
677 4.151332e-06 1.547411e-04 -0.0200 0.0200 14905.6346
#ham2d:	s->r[0] =-7.7919240740878252e-06
678 4.178843e-06 1.446273e-04 -0.0200 0.0200 14922.1152
#ham2d:	s->r[0] =-1.3340234289951403e-05
679 4.189601e-06 1.405786e-04 -0.0200 0.0200 14938.6453
#ham2d:	s->r[0] =-9.4585109807386752e-06
680 4.145331e-06 1.516469e-04 -0.0200 0.0200 14955.1216
#ham2d:	s->r[0] =3.3837256237767273e-06
681 4.159974e-06 1.492861e-04 -0.0200 0.0200 14971.6557
#ham2d:	s->r[0] =1.3482152996114236e-05
682 4.184581e-06 1.561297e-04 -0.0200 0.0200 14988.1176
#ham2d:	s->r[0] =1.2251183045894050e-05
683 4.166203e-06 1.531804e-04 -0.0200 0.0200 15004.6505
#ham2d:	s->r[0] =-2.6825271179944278e-06
684 4.171759e-06 1.589218e-04 -0.0200 0.0200 15021.1278
#ham2d:	s->r[0] =-1.1255367180832803e-05
685 4.202182e-06 1.552525e-04 -0.0200 0.0200 15037.8605
#ham2d:	s->r[0] =-1.2255822925281680e-05
686 4.173174e-06 1.502863e-04 -0.0200 0.0200 15054.5813
#ham2d:	s->r[0] =-1.3046524939532228e-06
687 4.150455e-06 1.635445e-04 -0.0200 0.0200 15071.2901
#ham2d:	s->r[0] =8.2848264365985080e-06
688 4.178232e-06 1.507784e-04 -0.0200 0.0200 15087.9728
#ham2d:	s->r[0] =1.4596382403879708e-05
689 4.170459e-06 1.614552e-04 -0.0200 0.0200 15110.2129
#ham2d:	s->r[0] =5.7807079237317090e-06
690 4.152631e-06 1.569336e-04 -0.0200 0.0200 15127.0136
#ham2d:	s->r[0] =-8.5112297328156569e-06
691 4.181669e-06 1.455653e-04 -0.0200 0.0200 15149.6627
#ham2d:	s->r[0] =-1.3259581676822672e-05
692 4.183886e-06 1.425151e-04 -0.0200 0.0200 15174.4462
#ham2d:	s->r[0] =-8.4654430640384009e-06
693 4.141266e-06 1.536533e-04 -0.0200 0.0200 15196.6126
#ham2d:	s->r[0] =4.0849174444861959e-06
694 4.160030e-06 1.498440e-04 -0.0200 0.0200 15216.1339
#ham2d:	s->r[0] =1.4078330531535074e-05
695 4.180196e-06 1.601345e-04 -0.0200 0.0200 15239.7667
#ham2d:	s->r[0] =1.1598926910221442e-05
696 4.160366e-06 1.496154e-04 -0.0200 0.0200 15261.5989
#ham2d:	s->r[0] =-3.9725192646094352e-06
697 4.173705e-06 1.586367e-04 -0.0200 0.0200 15285.1514
#ham2d:	s->r[0] =-1.1891854547248859e-05
698 4.201971e-06 1.576658e-04 -0.0200 0.0200 15309.3715
#ham2d:	s->r[0] =-1.1952471266804318e-05
699 4.168484e-06 1.487686e-04 -0.0200 0.0200 15331.4211
#ham2d:	s->r[0] =8.1101451910133753e-09
700 4.153644e-06 1.639345e-04 -0.0200 0.0200 15355.7854
#ham2d:	s->r[0] =9.2712766325313146e-06
701 4.181836e-06 1.519444e-04 -0.0200 0.0200 15380.5228
#ham2d:	s->r[0] =1.4361386622543232e-05
702 4.169800e-06 1.580350e-04 -0.0200 0.0200 15405.4379
#ham2d:	s->r[0] =4.2405695876318616e-06
703 4.153478e-06 1.537758e-04 -0.0200 0.0200 15430.0441
#ham2d:	s->r[0] =-9.2165294075177508e-06
704 4.183115e-06 1.478920e-04 -0.0200 0.0200 15454.6245
#ham2d:	s->r[0] =-1.3153272428747829e-05
705 4.178069e-06 1.447411e-04 -0.0200 0.0200 15479.5557
#ham2d:	s->r[0] =-7.2361601745732406e-06
706 4.137779e-06 1.561200e-04 -0.0200 0.0200 15504.4145
#ham2d:	s->r[0] =4.8596846522757389e-06
707 4.158707e-06 1.471872e-04 -0.0200 0.0200 15528.8418
#ham2d:	s->r[0] =1.4378410243390918e-05
708 4.173465e-06 1.634839e-04 -0.0200 0.0200 15552.0371
#ham2d:	s->r[0] =1.0872673114933217e-05
709 4.153102e-06 1.470276e-04 -0.0200 0.0200 15576.6417
#ham2d:	s->r[0] =-5.0475331088021806e-06
710 4.172966e-06 1.560713e-04 -0.0200 0.0200 15601.0883
#ham2d:	s->r[0] =-1.2563930437476402e-05
711 4.198580e-06 1.568235e-04 -0.0200 0.0200 15620.4087
#ham2d:	s->r[0] =-1.1535374599458390e-05
712 4.160177e-06 1.522852e-04 -0.0200 0.0200 15643.2750
#ham2d:	s->r[0] =1.0893476587633255e-06
713 4.154455e-06 1.611269e-04 -0.0200 0.0200 15668.2154
#ham2d:	s->r[0] =1.0334061318206643e-05
714 4.182956e-06 1.494108e-04 -0.0200 0.0200 15692.6013
#ham2d:	s->r[0] =1.4008667395989017e-05
715 4.167789e-06 1.570307e-04 -0.0200 0.0200 15714.8555
#ham2d:	s->r[0] =2.5678598285788987e-06
716 4.154358e-06 1.538475e-04 -0.0200 0.0200 15738.4993
#ham2d:	s->r[0] =-9.7457580505941885e-06
717 4.184134e-06 1.510311e-04 -0.0200 0.0200 15763.5124
#ham2d:	s->r[0] =-1.2983956546452751e-05
718 4.172518e-06 1.452241e-04 -0.0200 0.0200 15787.9921
#ham2d:	s->r[0] =-5.8522293945532770e-06
719 4.135752e-06 1.573343e-04 -0.0200 0.0200 15805.4459
#ham2d:	s->r[0] =5.6039649883348250e-06
720 4.158640e-06 1.479129e-04 -0.0200 0.0200 15830.3002
#ham2d:	s->r[0] =1.4516009311264265e-05
721 4.167201e-06 1.657503e-04 -0.0200 0.0200 15855.1280
#ham2d:	s->r[0] =1.0020638497082905e-05
722 4.147581e-06 1.465976e-04 -0.0200 0.0200 15879.7672
#ham2d:	s->r[0] =-5.9504929285624652e-06
723 4.171016e-06 1.517135e-04 -0.0200 0.0200 15903.0936
#ham2d:	s->r[0] =-1.3102586836961184e-05
724 4.193024e-06 1.520502e-04 -0.0200 0.0200 15927.6607
#ham2d:	s->r[0] =-1.1018278102166033e-05
725 4.150478e-06 1.520419e-04 -0.0200 0.0200 15951.5168
#ham2d:	s->r[0] =1.9307830177685476e-06
726 4.153756e-06 1.585710e-04 -0.0200 0.0200 15972.1962
#ham2d:	s->r[0] =1.1356667294076045e-05
727 4.182722e-06 1.491393e-04 -0.0200 0.0200 15996.1015
#ham2d:	s->r[0] =1.3541982395680122e-05
728 4.165540e-06 1.529270e-04 -0.0200 0.0200 16021.0438
#ham2d:	s->r[0] =8.8603050425720598e-07
729 4.157207e-06 1.555746e-04 -0.0200 0.0200 16042.4535
#ham2d:	s->r[0] =-1.0146766566248379e-05
730 4.187154e-06 1.526493e-04 -0.0200 0.0200 16067.2095
#ham2d:	s->r[0] =-1.2777828790648093e-05
731 4.168673e-06 1.480127e-04 -0.0200 0.0200 16091.9648
#ham2d:	s->r[0] =-4.4792039794691685e-06
732 4.136788e-06 1.568112e-04 -0.0200 0.0200 16116.6356
#ham2d:	s->r[0] =6.3593194365773529e-06
733 4.162329e-06 1.501691e-04 -0.0200 0.0200 16141.5867
#ham2d:	s->r[0] =1.4668014360044521e-05
734 4.163719e-06 1.657478e-04 -0.0200 0.0200 16166.1696
#ham2d:	s->r[0] =8.9577123239022109e-06
735 4.146034e-06 1.507315e-04 -0.0200 0.0200 16191.0978
#ham2d:	s->r[0] =-6.7967998886779181e-06
736 4.171127e-06 1.463468e-04 -0.0200 0.0200 16215.6659
#ham2d:	s->r[0] =-1.3390796270328739e-05
737 4.187429e-06 1.443920e-04 -0.0200 0.0200 16240.5409
#ham2d:	s->r[0] =-1.0421612256716985e-05
738 4.143640e-06 1.504708e-04 -0.0200 0.0200 16265.1230
#ham2d:	s->r[0] =2.6126334983342430e-06
739 4.154369e-06 1.517795e-04 -0.0200 0.0200 16290.0582
#ham2d:	s->r[0] =1.2348166707992548e-05
740 4.181749e-06 1.509180e-04 -0.0200 0.0200 16314.6435
#ham2d:	s->r[0] =1.3001665284804643e-05
741 4.163648e-06 1.546169e-04 -0.0200 0.0200 16339.4907
#ham2d:	s->r[0] =-7.5287601105875903e-07
742 4.163272e-06 1.565957e-04 -0.0200 0.0200 16364.0886
#ham2d:	s->r[0] =-1.0577424993550088e-05
743 4.192347e-06 1.519660e-04 -0.0200 0.0200 16389.0143
#ham2d:	s->r[0] =-1.2548454602284049e-05
744 4.167957e-06 1.506159e-04 -0.0200 0.0200 16413.6271
#ham2d:	s->r[0] =-3.0834247873024579e-06
745 4.141054e-06 1.600170e-04 -0.0200 0.0200 16438.3833
#ham2d:	s->r[0] =7.1609884299163583e-06
746 4.168473e-06 1.508620e-04 -0.0200 0.0200 16462.9819
#ham2d:	s->r[0] =1.4734529170896526e-05
747 4.163688e-06 1.647046e-04 -0.0200 0.0200 16487.9596
#ham2d:	s->r[0] =7.6294541303689140e-06
748 4.147256e-06 1.556895e-04 -0.0200 0.0200 16512.7713
#ham2d:	s->r[0] =-7.5856896288648741e-06
749 4.173647e-06 1.452281e-04 -0.0200 0.0200 16537.3761
#ham2d:	s->r[0] =-1.3371535383288766e-05
750 4.181917e-06 1.410468e-04 -0.0200 0.0200 16561.9522
#ham2d:	s->r[0] =-9.7020205832871326e-06
751 4.139457e-06 1.513156e-04 -0.0200 0.0200 16586.8916
#ham2d:	s->r[0] =3.2075320879584087e-06
752 4.155719e-06 1.492358e-04 -0.0200 0.0200 16611.8658
#ham2d:	s->r[0] =1.3270536457665786e-05
753 4.178897e-06 1.546277e-04 -0.0200 0.0200 16636.4735
#ham2d:	s->r[0] =1.2416151081213577e-05
754 4.159996e-06 1.543907e-04 -0.0200 0.0200 16661.0709
#ham2d:	s->r[0] =-2.2957824601539250e-06
755 4.168646e-06 1.584014e-04 -0.0200 0.0200 16685.9593
#ham2d:	s->r[0] =-1.1100125356728475e-05
756 4.195953e-06 1.538684e-04 -0.0200 0.0200 16710.8936
#ham2d:	s->r[0] =-1.2321126469053918e-05
757 4.167357e-06 1.495005e-04 -0.0200 0.0200 16735.4854
#ham2d:	s->r[0] =-1.6723532561123845e-06
758 4.146097e-06 1.629257e-04 -0.0200 0.0200 16760.0615
#ham2d:	s->r[0] =8.0429274578664220e-06
759 4.173893e-06 1.513780e-04 -0.0200 0.0200 16784.9250
#ham2d:	s->r[0] =1.4640040430295514e-05
760 4.164209e-06 1.628042e-04 -0.0200 0.0200 16809.8127
#ham2d:	s->r[0] =6.1639385691654772e-06
761 4.148557e-06 1.563213e-04 -0.0200 0.0200 16834.3928
#ham2d:	s->r[0] =-8.3306843745060505e-06
762 4.176468e-06 1.455031e-04 -0.0200 0.0200 16858.9688
#ham2d:	s->r[0] =-1.3283479071827179e-05
763 4.176300e-06 1.427672e-04 -0.0200 0.0200 16883.8442
#ham2d:	s->r[0] =-8.7299231379147469e-06
764 4.135694e-06 1.536243e-04 -0.0200 0.0200 16908.6654
#ham2d:	s->r[0] =3.8965294131497442e-06
765 4.155166e-06 1.496219e-04 -0.0200 0.0200 16933.2781
#ham2d:	s->r[0] =1.3959447119191084e-05
766 4.173676e-06 1.587955e-04 -0.0200 0.0200 16957.8829
#ham2d:	s->r[0] =1.1752732828618377e-05
767 4.153916e-06 1.508303e-04 -0.0200 0.0200 16982.7565
#ham2d:	s->r[0] =-3.6716475697297178e-06
768 4.170124e-06 1.584482e-04 -0.0200 0.0200 17007.4441
#ham2d:	s->r[0] =-1.1719130266374165e-05
769 4.195653e-06 1.573403e-04 -0.0200 0.0200 17032.0350
#ham2d:	s->r[0] =-1.2037566552444756e-05
770 4.162918e-06 1.506271e-04 -0.0200 0.0200 17056.7182
#ham2d:	s->r[0] =-2.9507659982173744e-07
771 4.149509e-06 1.640470e-04 -0.0200 0.0200 17081.7239
#ham2d:	s->r[0] =9.0358037316568351e-06
772 4.176967e-06 1.512384e-04 -0.0200 0.0200 17106.3206
#ham2d:	s->r[0] =1.4415577943571591e-05
773 4.163843e-06 1.583849e-04 -0.0200 0.0200 17130.8495
#ham2d:	s->r[0] =4.6122312144396258e-06
774 4.149242e-06 1.534704e-04 -0.0200 0.0200 17155.5476
#ham2d:	s->r[0] =-9.0657468493157852e-06
775 4.177933e-06 1.482949e-04 -0.0200 0.0200 17176.5983
#ham2d:	s->r[0] =-1.3184122509165038e-05
776 4.171024e-06 1.448366e-04 -0.0200 0.0200 17193.2296
#ham2d:	s->r[0] =-7.5125231410409088e-06
777 4.132971e-06 1.549217e-04 -0.0200 0.0200 17209.7552
#ham2d:	s->r[0] =4.6840795443737034e-06
778 4.154103e-06 1.466766e-04 -0.0200 0.0200 17226.2787
#ham2d:	s->r[0] =1.4327875027601308e-05
779 4.167254e-06 1.626341e-04 -0.0200 0.0200 17242.8121
#ham2d:	s->r[0] =1.1020437702020685e-05
780 4.146951e-06 1.466056e-04 -0.0200 0.0200 17259.3190
#ham2d:	s->r[0] =-4.8326393777405348e-06
781 4.168705e-06 1.561193e-04 -0.0200 0.0200 17277.0627
#ham2d:	s->r[0] =-1.2403185328743322e-05
782 4.191850e-06 1.574829e-04 -0.0200 0.0200 17293.5700
#ham2d:	s->r[0] =-1.1624725352958228e-05
783 4.153791e-06 1.524775e-04 -0.0200 0.0200 17310.0856
#ham2d:	s->r[0] =8.8110388630276582e-07
784 4.150397e-06 1.617058e-04 -0.0200 0.0200 17326.6219
#ham2d:	s->r[0] =1.0111717655962840e-05
785 4.177912e-06 1.479082e-04 -0.0200 0.0200 17343.1147
#ham2d:	s->r[0] =1.4066543676915673e-05
786 4.161966e-06 1.576026e-04 -0.0200 0.0200 17359.6229
#ham2d:	s->r[0] =2.9108736648165285e-06
787 4.150446e-06 1.533344e-04 -0.0200 0.0200 17376.1327
#ham2d:	s->r[0] =-9.6476880259458250e-06
788 4.178984e-06 1.510815e-04 -0.0200 0.0200 17392.6649
#ham2d:	s->r[0] =-1.3022006150307224e-05
789 4.165685e-06 1.447904e-04 -0.0200 0.0200 17409.1358
#ham2d:	s->r[0] =-6.1056988238764414e-06
790 4.131376e-06 1.575358e-04 -0.0200 0.0200 17425.6933
#ham2d:	s->r[0] =5.4543679545120935e-06
791 4.154894e-06 1.482878e-04 -0.0200 0.0200 17442.1789
#ham2d:	s->r[0] =1.4480724135132469e-05
792 4.161123e-06 1.652867e-04 -0.0200 0.0200 17458.7042
#ham2d:	s->r[0] =1.0179867539009691e-05
793 4.142200e-06 1.463058e-04 -0.0200 0.0200 17475.2374
#ham2d:	s->r[0] =-5.7838250538165759e-06
794 4.166125e-06 1.516071e-04 -0.0200 0.0200 17491.7259
#ham2d:	s->r[0] =-1.2992757384026901e-05
795 4.185945e-06 1.538347e-04 -0.0200 0.0200 17508.2443
#ham2d:	s->r[0] =-1.1110876746811321e-05
796 4.143981e-06 1.504809e-04 -0.0200 0.0200 17524.7621
#ham2d:	s->r[0] =1.7835252334525217e-06
797 4.149686e-06 1.585568e-04 -0.0200 0.0200 17541.2887
#ham2d:	s->r[0] =1.1163135491838840e-05
798 4.177235e-06 1.490224e-04 -0.0200 0.0200 17557.7646
#ham2d:	s->r[0] =1.3611380417571734e-05
799 4.159474e-06 1.536108e-04 -0.0200 0.0200 17574.3242
Writing restart files.......
#ham2d:	s->r[0] =1.1799518493294279e-06
800 4.153508e-06 1.554025e-04 -0.0200 0.0200 17590.8632
#ham2d:	s->r[0] =-1.0067678810519754e-05
801 4.181430e-06 1.523269e-04 -0.0200 0.0200 17607.3258
#ham2d:	s->r[0] =-1.2806952403934037e-05
802 4.161881e-06 1.487210e-04 -0.0200 0.0200 17623.8760
#ham2d:	s->r[0] =-4.6979440204200144e-06
803 4.132275e-06 1.572295e-04 -0.0200 0.0200 17640.3336
#ham2d:	s->r[0] =6.2186155729124885e-06
804 4.158294e-06 1.502778e-04 -0.0200 0.0200 17656.8472
#ham2d:	s->r[0] =1.4629202171061852e-05
805 4.157505e-06 1.662114e-04 -0.0200 0.0200 17673.3302
#ham2d:	s->r[0] =9.1450712130694868e-06
806 4.141489e-06 1.524603e-04 -0.0200 0.0200 17689.8204
#ham2d:	s->r[0] =-6.6548063878603769e-06
807 4.165962e-06 1.468250e-04 -0.0200 0.0200 17706.2570
#ham2d:	s->r[0] =-1.3343533538494415e-05
808 4.179662e-06 1.455849e-04 -0.0200 0.0200 17722.8258
#ham2d:	s->r[0] =-1.0513805420257655e-05
809 4.137135e-06 1.496459e-04 -0.0200 0.0200 17739.2597
#ham2d:	s->r[0] =2.4983735576668574e-06
810 4.149874e-06 1.517134e-04 -0.0200 0.0200 17755.7422
#ham2d:	s->r[0] =1.2179240859101313e-05
811 4.175439e-06 1.516322e-04 -0.0200 0.0200 17772.2372
#ham2d:	s->r[0] =1.3070797372024930e-05
812 4.156257e-06 1.554512e-04 -0.0200 0.0200 17788.6904
#ham2d:	s->r[0] =-4.9957521184528067e-07
813 4.159140e-06 1.565219e-04 -0.0200 0.0200 17805.1884
#ham2d:	s->r[0] =-1.0487441441875529e-05
814 4.185292e-06 1.508185e-04 -0.0200 0.0200 17821.6631
#ham2d:	s->r[0] =-1.2575774603888126e-05
815 4.161047e-06 1.504575e-04 -0.0200 0.0200 17838.1688
#ham2d:	s->r[0] =-3.2870002225494747e-06
816 4.136202e-06 1.592657e-04 -0.0200 0.0200 17854.6038
#ham2d:	s->r[0] =7.0248683389401596e-06
817 4.163536e-06 1.505214e-04 -0.0200 0.0200 17871.1396
#ham2d:	s->r[0] =1.4714250926667420e-05
818 4.156749e-06 1.647441e-04 -0.0200 0.0200 17887.5802
#ham2d:	s->r[0] =7.8343597435449777e-06
819 4.142555e-06 1.564667e-04 -0.0200 0.0200 17904.0766
#ham2d:	s->r[0] =-7.4638652906919826e-06
820 4.167817e-06 1.457302e-04 -0.0200 0.0200 17920.5490
#ham2d:	s->r[0] =-1.3366263307565842e-05
821 4.173346e-06 1.413314e-04 -0.0200 0.0200 17937.0500
#ham2d:	s->r[0] =-9.8037292617224827e-06
822 4.133237e-06 1.515067e-04 -0.0200 0.0200 17953.5249
#ham2d:	s->r[0] =3.1073572994587737e-06
823 4.150095e-06 1.493163e-04 -0.0200 0.0200 17970.0082
#ham2d:	s->r[0] =1.3134734283150586e-05
824 4.171283e-06 1.539829e-04 -0.0200 0.0200 17986.5045
#ham2d:	s->r[0] =1.2475594566044712e-05
825 4.152372e-06 1.550912e-04 -0.0200 0.0200 18002.9675
#ham2d:	s->r[0] =-2.0897701222902389e-06
826 4.164098e-06 1.577617e-04 -0.0200 0.0200 18019.4874
#ham2d:	s->r[0] =-1.1003076562765537e-05
827 4.188269e-06 1.528875e-04 -0.0200 0.0200 18035.9445
#ham2d:	s->r[0] =-1.2336085390900316e-05
828 4.159826e-06 1.481821e-04 -0.0200 0.0200 18052.4396
#ham2d:	s->r[0] =-1.8516845733538754e-06
829 4.140890e-06 1.624575e-04 -0.0200 0.0200 18068.8896
#ham2d:	s->r[0] =7.9114142902995347e-06
830 4.168400e-06 1.516485e-04 -0.0200 0.0200 18085.4110
#ham2d:	s->r[0] =1.4634406524932724e-05
831 4.157356e-06 1.633893e-04 -0.0200 0.0200 18101.8917
#ham2d:	s->r[0] =6.3432180774096496e-06
832 4.143673e-06 1.544924e-04 -0.0200 0.0200 18118.3684
#ham2d:	s->r[0] =-8.2231417149830974e-06
833 4.170463e-06 1.454660e-04 -0.0200 0.0200 18134.8732
#ham2d:	s->r[0] =-1.3275649567733963e-05
834 4.168189e-06 1.432578e-04 -0.0200 0.0200 18151.3524
#ham2d:	s->r[0] =-8.8369621597212620e-06
835 4.130245e-06 1.536212e-04 -0.0200 0.0200 18167.8496
#ham2d:	s->r[0] =3.7926640718755127e-06
836 4.149830e-06 1.492161e-04 -0.0200 0.0200 18184.3086
#ham2d:	s->r[0] =1.3872572493342404e-05
837 4.166526e-06 1.578889e-04 -0.0200 0.0200 18200.8259
#ham2d:	s->r[0] =1.1802252605662522e-05
838 4.147132e-06 1.512497e-04 -0.0200 0.0200 18217.2850
#ham2d:	s->r[0] =-3.5162199948733433e-06
839 4.165447e-06 1.578130e-04 -0.0200 0.0200 18233.7775
#ham2d:	s->r[0] =-1.1617088834838398e-05
840 4.188242e-06 1.569746e-04 -0.0200 0.0200 18250.2541
#ham2d:	s->r[0] =-1.2057061741054750e-05
841 4.155267e-06 1.518703e-04 -0.0200 0.0200 18266.7395
#ham2d:	s->r[0] =-4.4172093990056986e-07
842 4.144950e-06 1.638652e-04 -0.0200 0.0200 18283.2514
#ham2d:	s->r[0] =8.9191090643092201e-06
843 4.171766e-06 1.510167e-04 -0.0200 0.0200 18299.7300
#ham2d:	s->r[0] =1.4409325736880262e-05
844 4.157775e-06 1.592942e-04 -0.0200 0.0200 18316.2292
#ham2d:	s->r[0] =4.7717968173857130e-06
845 4.145310e-06 1.538115e-04 -0.0200 0.0200 18332.7242
#ham2d:	s->r[0] =-8.9764166830468754e-06
846 4.172918e-06 1.487883e-04 -0.0200 0.0200 18349.2297
#ham2d:	s->r[0] =-1.3176998600406749e-05
847 4.164005e-06 1.449139e-04 -0.0200 0.0200 18365.7126
#ham2d:	s->r[0] =-7.6137615707462208e-06
848 4.128801e-06 1.537510e-04 -0.0200 0.0200 18382.2105
#ham2d:	s->r[0] =4.5947577251887769e-06
849 4.150522e-06 1.467636e-04 -0.0200 0.0200 18398.6919
#ham2d:	s->r[0] =1.4277855026571814e-05
850 4.161608e-06 1.620472e-04 -0.0200 0.0200 18415.1777
#ham2d:	s->r[0] =1.1057887518464746e-05
851 4.141936e-06 1.459059e-04 -0.0200 0.0200 18431.6880
#ham2d:	s->r[0] =-4.7261256718135743e-06
852 4.164681e-06 1.554756e-04 -0.0200 0.0200 18448.1632
#ham2d:	s->r[0] =-1.2306762071295656e-05
853 4.185005e-06 1.576809e-04 -0.0200 0.0200 18464.6631
#ham2d:	s->r[0] =-1.1644928291933345e-05
854 4.147405e-06 1.518083e-04 -0.0200 0.0200 18486.6491
#ham2d:	s->r[0] =7.8252944866236856e-07
855 4.146683e-06 1.616105e-04 -0.0200 0.0200 18503.2666
#ham2d:	s->r[0] =1.0008725797189781e-05
856 4.173260e-06 1.479392e-04 -0.0200 0.0200 18523.0414
#ham2d:	s->r[0] =1.4055996047248309e-05
857 4.156710e-06 1.579298e-04 -0.0200 0.0200 18539.6332
#ham2d:	s->r[0] =3.0478375888365114e-06
858 4.147758e-06 1.540750e-04 -0.0200 0.0200 18556.2298
#ham2d:	s->r[0] =-9.5885604404500536e-06
859 4.174863e-06 1.511471e-04 -0.0200 0.0200 18579.7449
#ham2d:	s->r[0] =-1.3017274213673497e-05
860 4.159655e-06 1.456855e-04 -0.0200 0.0200 18600.3616
#ham2d:	s->r[0] =-6.1866447633046210e-06
861 4.128236e-06 1.573188e-04 -0.0200 0.0200 18617.0207
#ham2d:	s->r[0] =5.3852259105097443e-06
862 4.152612e-06 1.487034e-04 -0.0200 0.0200 18633.7007
#ham2d:	s->r[0] =1.4443686446511379e-05
863 4.156300e-06 1.649887e-04 -0.0200 0.0200 18650.3356
#ham2d:	s->r[0] =1.0217560083927378e-05
864 4.138758e-06 1.485418e-04 -0.0200 0.0200 18666.9636
#ham2d:	s->r[0] =-5.7119930727209258e-06
865 4.162880e-06 1.507538e-04 -0.0200 0.0200 18683.5857
#ham2d:	s->r[0] =-1.2919294034092528e-05
866 4.179583e-06 1.545537e-04 -0.0200 0.0200 18700.2298
#ham2d:	s->r[0] =-1.1127813401436467e-05
867 4.138917e-06 1.479707e-04 -0.0200 0.0200 18716.8776
#ham2d:	s->r[0] =1.7159854885887845e-06
868 4.146861e-06 1.581485e-04 -0.0200 0.0200 18733.5335
#ham2d:	s->r[0] =1.1080505365883915e-05
869 4.172268e-06 1.488302e-04 -0.0200 0.0200 18750.1647
#ham2d:	s->r[0] =1.3603825442029302e-05
870 4.153793e-06 1.539693e-04 -0.0200 0.0200 18766.7730
#ham2d:	s->r[0] =1.2768788898138178e-06
871 4.151461e-06 1.550444e-04 -0.0200 0.0200 18783.4486
#ham2d:	s->r[0] =-1.0019907222193935e-05
872 4.176657e-06 1.517928e-04 -0.0200 0.0200 18800.0996
#ham2d:	s->r[0] =-1.2800893589507639e-05
873 4.156771e-06 1.494357e-04 -0.0200 0.0200 18816.7573
#ham2d:	s->r[0] =-4.7442693944043542e-06
874 4.129175e-06 1.582710e-04 -0.0200 0.0200 18835.8379
#ham2d:	s->r[0] =6.1619555802536828e-06
875 4.155523e-06 1.505582e-04 -0.0200 0.0200 18860.3245
#ham2d:	s->r[0] =1.4589175110094358e-05
876 4.152753e-06 1.663461e-04 -0.0200 0.0200 18885.5342
#ham2d:	s->r[0] =9.1797611452252859e-06
877 4.138511e-06 1.541718e-04 -0.0200 0.0200 18910.0264
#ham2d:	s->r[0] =-6.6002293502563070e-06
878 4.162408e-06 1.466899e-04 -0.0200 0.0200 18934.5477
#ham2d:	s->r[0] =-1.3292816196202409e-05
879 4.172965e-06 1.468469e-04 -0.0200 0.0200 18958.9549
#ham2d:	s->r[0] =-1.0521808553163533e-05
880 4.132452e-06 1.487692e-04 -0.0200 0.0200 18984.1895
#ham2d:	s->r[0] =2.4467824732384214e-06
881 4.146195e-06 1.508921e-04 -0.0200 0.0200 19008.6389
#ham2d:	s->r[0] =1.2111092652770418e-05
882 4.169114e-06 1.525703e-04 -0.0200 0.0200 19033.1195
#ham2d:	s->r[0] =1.3059304284429574e-05
883 4.149425e-06 1.561894e-04 -0.0200 0.0200 19057.5813
#ham2d:	s->r[0] =-4.3066956073763152e-07
884 4.155952e-06 1.566251e-04 -0.0200 0.0200 19082.0806
#ham2d:	s->r[0] =-1.0438269482115344e-05
885 4.178847e-06 1.490290e-04 -0.0200 0.0200 19104.5763
#ham2d:	s->r[0] =-1.2564151139007888e-05
886 4.154729e-06 1.499453e-04 -0.0200 0.0200 19128.4150
#ham2d:	s->r[0] =-3.3229313985580784e-06
887 4.132181e-06 1.587207e-04 -0.0200 0.0200 19152.8631
#ham2d:	s->r[0] =6.9761230842844120e-06
888 4.159111e-06 1.510734e-04 -0.0200 0.0200 19174.5376
#ham2d:	s->r[0] =1.4678148952854368e-05
889 4.150675e-06 1.646456e-04 -0.0200 0.0200 19191.2439
#ham2d:	s->r[0] =7.8681479555479597e-06
890 4.138471e-06 1.559611e-04 -0.0200 0.0200 19207.9154
#ham2d:	s->r[0] =-7.4185337310712573e-06
891 4.163076e-06 1.461388e-04 -0.0200 0.0200 19224.5598
#ham2d:	s->r[0] =-1.3338035570746774e-05
892 4.165945e-06 1.411018e-04 -0.0200 0.0200 19241.2017
#ham2d:	s->r[0] =-9.8016953498506122e-06
893 4.128391e-06 1.513916e-04 -0.0200 0.0200 19257.8819
#ham2d:	s->r[0] =3.0683313596725482e-06
894 4.145007e-06 1.493840e-04 -0.0200 0.0200 19274.4038
#ham2d:	s->r[0] =1.3081381993147772e-05
895 4.164093e-06 1.544337e-04 -0.0200 0.0200 19290.8668
#ham2d:	s->r[0] =1.2455616812753361e-05
896 4.145093e-06 1.553820e-04 -0.0200 0.0200 19307.3078
#ham2d:	s->r[0] =-2.0450440095981694e-06
897 4.159303e-06 1.576989e-04 -0.0200 0.0200 19323.7702
#ham2d:	s->r[0] =-1.0956961847787711e-05
898 4.180485e-06 1.523935e-04 -0.0200 0.0200 19340.1918
#ham2d:	s->r[0] =-1.2315459901448128e-05
899 4.151680e-06 1.502806e-04 -0.0200 0.0200 19356.6025
#ham2d:	s->r[0] =-1.8723573543229840e-06
900 4.136231e-06 1.621901e-04 -0.0200 0.0200 19373.0238
#ham2d:	s->r[0] =7.8748612785837710e-06
901 4.163226e-06 1.513783e-04 -0.0200 0.0200 19389.4678
#ham2d:	s->r[0] =1.4594495859879954e-05
902 4.150892e-06 1.634865e-04 -0.0200 0.0200 19405.8789
#ham2d:	s->r[0] =6.3564836996401675e-06
903 4.139327e-06 1.527913e-04 -0.0200 0.0200 19422.3042
#ham2d:	s->r[0] =-8.1870069307407389e-06
904 4.164984e-06 1.457211e-04 -0.0200 0.0200 19438.7554
#ham2d:	s->r[0] =-1.3245385894200227e-05
905 4.160580e-06 1.438366e-04 -0.0200 0.0200 19455.1739
#ham2d:	s->r[0] =-8.8197249502573546e-06
906 4.125783e-06 1.537490e-04 -0.0200 0.0200 19471.5892
#ham2d:	s->r[0] =3.7623534015363019e-06
907 4.145454e-06 1.485287e-04 -0.0200 0.0200 19488.0390
#ham2d:	s->r[0] =1.3833180539276659e-05
908 4.160070e-06 1.573246e-04 -0.0200 0.0200 19504.4654
#ham2d:	s->r[0] =1.1768826878254730e-05
909 4.141059e-06 1.510328e-04 -0.0200 0.0200 19520.8795
#ham2d:	s->r[0] =-3.4954784988893011e-06
910 4.160874e-06 1.568687e-04 -0.0200 0.0200 19537.2887
#ham2d:	s->r[0] =-1.1577013133010576e-05
911 4.180544e-06 1.567382e-04 -0.0200 0.0200 19553.7170
#ham2d:	s->r[0] =-1.2031278119677456e-05
912 4.147277e-06 1.522412e-04 -0.0200 0.0200 19570.1225
#ham2d:	s->r[0] =-4.4864385562721327e-07
913 4.140664e-06 1.634581e-04 -0.0200 0.0200 19586.5473
#ham2d:	s->r[0] =8.9062324934621102e-06
914 4.166836e-06 1.522904e-04 -0.0200 0.0200 19602.9755
#ham2d:	s->r[0] =1.4358900760165323e-05
915 4.151866e-06 1.594020e-04 -0.0200 0.0200 19619.4020
#ham2d:	s->r[0] =4.7582068240706779e-06
916 4.142171e-06 1.541621e-04 -0.0200 0.0200 19635.8125
#ham2d:	s->r[0] =-8.9497676503143462e-06
917 4.168229e-06 1.492047e-04 -0.0200 0.0200 19652.2514
#ham2d:	s->r[0] =-1.3144844363170293e-05
918 4.156963e-06 1.446925e-04 -0.0200 0.0200 19668.6888
#ham2d:	s->r[0] =-7.5718543021883978e-06
919 4.125090e-06 1.531525e-04 -0.0200 0.0200 19685.0958
#ham2d:	s->r[0] =4.5836668063206968e-06
920 4.147946e-06 1.473882e-04 -0.0200 0.0200 19701.5136
#ham2d:	s->r[0] =1.4241184398197295e-05
921 4.156153e-06 1.617321e-04 -0.0200 0.0200 19717.9493
#ham2d:	s->r[0] =1.1007982774787641e-05
922 4.137941e-06 1.456538e-04 -0.0200 0.0200 19734.3651
#ham2d:	s->r[0] =-4.7246178070749526e-06
923 4.160894e-06 1.542483e-04 -0.0200 0.0200 19750.7841
#ham2d:	s->r[0] =-1.2269437702933381e-05
924 4.177837e-06 1.576418e-04 -0.0200 0.0200 19767.2150
#ham2d:	s->r[0] =-1.1611356191589794e-05
925 4.140941e-06 1.502673e-04 -0.0200 0.0200 19783.6353
#ham2d:	s->r[0] =7.8493127026005608e-07
926 4.143162e-06 1.609445e-04 -0.0200 0.0200 19800.0618
#ham2d:	s->r[0] =1.0010875743920924e-05
927 4.167929e-06 1.498412e-04 -0.0200 0.0200 19816.5019
#ham2d:	s->r[0] =1.3994006257656694e-05
928 4.150816e-06 1.579977e-04 -0.0200 0.0200 19832.9242
#ham2d:	s->r[0] =3.0069975858562997e-06
929 4.145456e-06 1.547310e-04 -0.0200 0.0200 19849.3428
#ham2d:	s->r[0] =-9.5684750613835154e-06
930 4.170357e-06 1.510368e-04 -0.0200 0.0200 19865.7638
#ham2d:	s->r[0] =-1.2983534332969419e-05
931 4.153685e-06 1.470980e-04 -0.0200 0.0200 19882.1852
#ham2d:	s->r[0] =-6.1120760081529764e-06
932 4.125245e-06 1.570560e-04 -0.0200 0.0200 19898.5851
#ham2d:	s->r[0] =5.3873828734056901e-06
933 4.150175e-06 1.490871e-04 -0.0200 0.0200 19915.0139
#ham2d:	s->r[0] =1.4402936667173811e-05
934 4.151649e-06 1.649301e-04 -0.0200 0.0200 19931.4489
#ham2d:	s->r[0] =1.0154295891355266e-05
935 4.136001e-06 1.512466e-04 -0.0200 0.0200 19947.8702
#ham2d:	s->r[0] =-5.7248703902509974e-06
936 4.159883e-06 1.491960e-04 -0.0200 0.0200 19964.2868
#ham2d:	s->r[0] =-1.2882486079998114e-05
937 4.172605e-06 1.545938e-04 -0.0200 0.0200 19980.7370
#ham2d:	s->r[0] =-1.1080048799367761e-05
938 4.133877e-06 1.463344e-04 -0.0200 0.0200 19997.1750
#ham2d:	s->r[0] =1.7233451826407142e-06
939 4.143461e-06 1.572175e-04 -0.0200 0.0200 20013.5804
#ham2d:	s->r[0] =1.1091631195143711e-05
940 4.165914e-06 1.492452e-04 -0.0200 0.0200 20030.0270
#ham2d:	s->r[0] =1.3532851584582878e-05
941 4.146718e-06 1.550790e-04 -0.0200 0.0200 20046.4578
#ham2d:	s->r[0] =1.2032782087096388e-06
942 4.148968e-06 1.547130e-04 -0.0200 0.0200 20062.8727
#ham2d:	s->r[0] =-9.9997906289117224e-06
943 4.170875e-06 1.508057e-04 -0.0200 0.0200 20079.2933
#ham2d:	s->r[0] =-1.2763425472144461e-05
944 4.150815e-06 1.498132e-04 -0.0200 0.0200 20095.7625
#ham2d:	s->r[0] =-4.6453232853819448e-06
945 4.125625e-06 1.589253e-04 -0.0200 0.0200 20112.1823
#ham2d:	s->r[0] =6.1753391188357088e-06
946 4.151945e-06 1.509893e-04 -0.0200 0.0200 20128.6090
#ham2d:	s->r[0] =1.4548332420502105e-05
947 4.147203e-06 1.663524e-04 -0.0200 0.0200 20145.0585
#ham2d:	s->r[0] =9.0901940008111662e-06
948 4.134948e-06 1.552556e-04 -0.0200 0.0200 20161.5321
#ham2d:	s->r[0] =-6.6200834398005953e-06
949 4.158538e-06 1.463192e-04 -0.0200 0.0200 20177.9378
#ham2d:	s->r[0] =-1.3256496067973560e-05
950 4.165490e-06 1.469734e-04 -0.0200 0.0200 20194.3557
#ham2d:	s->r[0] =-1.0452014753863510e-05
951 4.127848e-06 1.481060e-04 -0.0200 0.0200 20210.7828
#ham2d:	s->r[0] =2.4612998003876969e-06
952 4.141600e-06 1.503212e-04 -0.0200 0.0200 20227.2149
#ham2d:	s->r[0] =1.2127480001087442e-05
953 4.161591e-06 1.534308e-04 -0.0200 0.0200 20243.6296
#ham2d:	s->r[0] =1.2976871988739643e-05
954 4.142038e-06 1.567232e-04 -0.0200 0.0200 20260.0613
#ham2d:	s->r[0] =-5.2324061914636093e-07
955 4.151902e-06 1.566886e-04 -0.0200 0.0200 20276.4793
#ham2d:	s->r[0] =-1.0421790307347479e-05
956 4.171440e-06 1.472335e-04 -0.0200 0.0200 20292.9085
#ham2d:	s->r[0] =-1.2515230803693755e-05
957 4.147112e-06 1.487388e-04 -0.0200 0.0200 20309.3543
#ham2d:	s->r[0] =-3.2130270541422089e-06
958 4.127945e-06 1.582975e-04 -0.0200 0.0200 20325.7886
#ham2d:	s->r[0] =7.0013702142006885e-06
959 4.154502e-06 1.513921e-04 -0.0200 0.0200 20342.1994
#ham2d:	s->r[0] =1.4624173212750920e-05
960 4.144416e-06 1.647977e-04 -0.0200 0.0200 20358.6133
#ham2d:	s->r[0] =7.7521864966182208e-06
961 4.134104e-06 1.537005e-04 -0.0200 0.0200 20375.0415
#ham2d:	s->r[0] =-7.4391827493649110e-06
962 4.158092e-06 1.464291e-04 -0.0200 0.0200 20391.4522
#ham2d:	s->r[0] =-1.3286693169215604e-05
963 4.158257e-06 1.420731e-04 -0.0200 0.0200 20407.8712
#ham2d:	s->r[0] =-9.7067638630155497e-06
964 4.123734e-06 1.511140e-04 -0.0200 0.0200 20424.2998
#ham2d:	s->r[0] =3.0826587681895843e-06
965 4.140230e-06 1.496163e-04 -0.0200 0.0200 20440.7193
#ham2d:	s->r[0] =1.3099310715506429e-05
966 4.157188e-06 1.546521e-04 -0.0200 0.0200 20457.1389
#ham2d:	s->r[0] =1.2361006665804816e-05
967 4.137997e-06 1.550602e-04 -0.0200 0.0200 20473.5971
#ham2d:	s->r[0] =-2.1443414231353948e-06
968 4.154410e-06 1.577723e-04 -0.0200 0.0200 20490.0277
#ham2d:	s->r[0] =-1.0953769582739469e-05
969 4.172530e-06 1.523377e-04 -0.0200 0.0200 20506.4519
#ham2d:	s->r[0] =-1.2259618958558939e-05
970 4.143154e-06 1.516441e-04 -0.0200 0.0200 20522.8823
#ham2d:	s->r[0] =-1.7536408380601975e-06
971 4.132031e-06 1.620699e-04 -0.0200 0.0200 20539.3073
#ham2d:	s->r[0] =7.9224759959486263e-06
972 4.158136e-06 1.508639e-04 -0.0200 0.0200 20555.7212
#ham2d:	s->r[0] =1.4518814370016421e-05
973 4.144532e-06 1.631250e-04 -0.0200 0.0200 20572.1522
#ham2d:	s->r[0] =6.2195163590465606e-06
974 4.135273e-06 1.526608e-04 -0.0200 0.0200 20588.5761
#ham2d:	s->r[0] =-8.2116125638745838e-06
975 4.159883e-06 1.466550e-04 -0.0200 0.0200 20604.9772
#ham2d:	s->r[0] =-1.3189272556157628e-05
976 4.152556e-06 1.443283e-04 -0.0200 0.0200 20621.4050
#ham2d:	s->r[0] =-8.6869546767704488e-06
977 4.121697e-06 1.539743e-04 -0.0200 0.0200 20637.8472
#ham2d:	s->r[0] =3.7978882277869532e-06
978 4.142158e-06 1.473408e-04 -0.0200 0.0200 20654.2744
#ham2d:	s->r[0] =1.3829999291502423e-05
979 4.153836e-06 1.570596e-04 -0.0200 0.0200 20670.6817
#ham2d:	s->r[0] =1.1653713075780503e-05
980 4.135637e-06 1.503269e-04 -0.0200 0.0200 20687.0969
#ham2d:	s->r[0] =-3.5938655518802820e-06
981 4.156417e-06 1.568132e-04 -0.0200 0.0200 20703.5369
#ham2d:	s->r[0] =-1.1585241058734319e-05
982 4.172240e-06 1.566584e-04 -0.0200 0.0200 20719.9402
#ham2d:	s->r[0] =-1.1960777128597422e-05
983 4.138984e-06 1.515919e-04 -0.0200 0.0200 20736.3525
#ham2d:	s->r[0] =-3.3528279495209049e-07
984 4.136540e-06 1.628011e-04 -0.0200 0.0200 20752.7863
#ham2d:	s->r[0] =8.9864805458852006e-06
985 4.161203e-06 1.529994e-04 -0.0200 0.0200 20769.2136
#ham2d:	s->r[0] =1.4260301507803508e-05
986 4.145444e-06 1.589374e-04 -0.0200 0.0200 20785.6277
#ham2d:	s->r[0] =4.5868410862461215e-06
987 4.139501e-06 1.544428e-04 -0.0200 0.0200 20802.0895
#ham2d:	s->r[0] =-8.9745830544320183e-06
988 4.163338e-06 1.494910e-04 -0.0200 0.0200 20818.5103
#ham2d:	s->r[0] =-1.3084539965430271e-05
989 4.149873e-06 1.441948e-04 -0.0200 0.0200 20834.9391
#ham2d:	s->r[0] =-7.3955639311389072e-06
990 4.121677e-06 1.528355e-04 -0.0200 0.0200 20851.3921
#ham2d:	s->r[0] =4.6407783432564879e-06
991 4.145378e-06 1.479509e-04 -0.0200 0.0200 20867.8330
#ham2d:	s->r[0] =1.4206941241586387e-05
992 4.150516e-06 1.616311e-04 -0.0200 0.0200 20884.2511
#ham2d:	s->r[0] =1.0877122219976921e-05
993 4.134440e-06 1.483482e-04 -0.0200 0.0200 20900.6728
#ham2d:	s->r[0] =-4.8162360922055823e-06
994 4.157287e-06 1.525937e-04 -0.0200 0.0200 20917.0985
#ham2d:	s->r[0] =-1.2277351478479742e-05
995 4.170171e-06 1.573876e-04 -0.0200 0.0200 20933.5429
#ham2d:	s->r[0] =-1.1523676384967314e-05
996 4.134376e-06 1.477000e-04 -0.0200 0.0200 20949.9644
#ham2d:	s->r[0] =8.7551363024240391e-07
997 4.139326e-06 1.596461e-04 -0.0200 0.0200 20966.3926
#ham2d:	s->r[0] =1.0102472099192217e-05
998 4.161361e-06 1.517510e-04 -0.0200 0.0200 20982.8288
#ham2d:	s->r[0] =1.3880715356575208e-05
999 4.143397e-06 1.577595e-04 -0.0200 0.0200 20999.2983
Writing restart files.......
